{
  "stats": {
    "suites": 12,
    "tests": 41,
    "passes": 21,
    "pending": 0,
    "failures": 20,
    "start": "2021-12-17T20:25:24.130Z",
    "end": "2021-12-17T20:26:58.265Z",
    "duration": 94135,
    "testsRegistered": 41,
    "passPercent": 51.21951219512195,
    "pendingPercent": 0,
    "other": 0,
    "hasOther": false,
    "skipped": 0,
    "hasSkipped": false
  },
  "results": [
    {
      "uuid": "36da88de-4f08-40fe-b239-d70d98fbbce0",
      "title": "",
      "fullFile": "cypress/integration/project.spec.js",
      "file": "cypress/integration/project.spec.js",
      "beforeHooks": [],
      "afterHooks": [],
      "tests": [],
      "suites": [
        {
          "uuid": "2e5095c2-7cc4-4f37-8162-c222491c3738",
          "title": "1 - Adicione à página o título \"Paleta de Cores\".",
          "fullFile": "",
          "file": "",
          "beforeHooks": [],
          "afterHooks": [],
          "tests": [
            {
              "title": "Verifica se contém um elemento `h1` com o id `title` com o título correto",
              "fullTitle": "1 - Adicione à página o título \"Paleta de Cores\". Verifica se contém um elemento `h1` com o id `title` com o título correto",
              "timedOut": null,
              "duration": 317,
              "state": "passed",
              "speed": "slow",
              "pass": true,
              "fail": false,
              "pending": false,
              "context": null,
              "code": "cy.get('h1#title').should('contain.text', 'Paleta de Cores');",
              "err": {},
              "uuid": "5d564c0e-6a02-4346-bee1-6d4472b2718e",
              "parentUUID": "2e5095c2-7cc4-4f37-8162-c222491c3738",
              "isHook": false,
              "skipped": false
            }
          ],
          "suites": [],
          "passes": [
            "5d564c0e-6a02-4346-bee1-6d4472b2718e"
          ],
          "failures": [],
          "pending": [],
          "skipped": [],
          "duration": 317,
          "root": false,
          "rootEmpty": false,
          "_timeout": 2000
        },
        {
          "uuid": "e2cb40eb-c760-4fe1-a3ee-8a34e62a405b",
          "title": "2 - Adicione à página uma paleta de quatro cores distintas.",
          "fullFile": "",
          "file": "",
          "beforeHooks": [],
          "afterHooks": [],
          "tests": [
            {
              "title": "A paleta de cores deve ser um elemento com `id` denominado `color-palette`",
              "fullTitle": "2 - Adicione à página uma paleta de quatro cores distintas. A paleta de cores deve ser um elemento com `id` denominado `color-palette`",
              "timedOut": null,
              "duration": 151,
              "state": "passed",
              "speed": "slow",
              "pass": true,
              "fail": false,
              "pending": false,
              "context": null,
              "code": "cy.get('#color-palette').should('be.visible');\ncy.get('#color-palette').children('.color');",
              "err": {},
              "uuid": "f9a526b2-8d05-45d9-9d42-f32fca698099",
              "parentUUID": "e2cb40eb-c760-4fe1-a3ee-8a34e62a405b",
              "isHook": false,
              "skipped": false
            },
            {
              "title": "Verifica se cada cor individual da paleta de cores possui a `classe` chamada `color`.",
              "fullTitle": "2 - Adicione à página uma paleta de quatro cores distintas. Verifica se cada cor individual da paleta de cores possui a `classe` chamada `color`.",
              "timedOut": null,
              "duration": 217,
              "state": "passed",
              "speed": "slow",
              "pass": true,
              "fail": false,
              "pending": false,
              "context": null,
              "code": "cy.get('.color').should('have.length', 4).then(function (colors) {\n  for (var i = 0; i < colors.length; i++) {\n    cy.wrap(colors[i]).should('be.visible');\n  }\n});",
              "err": {},
              "uuid": "12bc7f7c-3bcc-429c-aa21-c35342f3f115",
              "parentUUID": "e2cb40eb-c760-4fe1-a3ee-8a34e62a405b",
              "isHook": false,
              "skipped": false
            },
            {
              "title": "Verifica se a cor de fundo de cada elemento da paleta é a cor que o elemento representa. **A única cor não permitida na paleta é a cor branca.**",
              "fullTitle": "2 - Adicione à página uma paleta de quatro cores distintas. Verifica se a cor de fundo de cada elemento da paleta é a cor que o elemento representa. **A única cor não permitida na paleta é a cor branca.**",
              "timedOut": null,
              "duration": 180,
              "state": "passed",
              "speed": "slow",
              "pass": true,
              "fail": false,
              "pending": false,
              "context": null,
              "code": "cy.get('.color').each(function (color) {\n  cy.wrap(color).should('have.class', 'color').and('not.have.css', 'background-color', WHITE);\n  cy.wrap(color).should('have.css', 'background-color');\n});",
              "err": {},
              "uuid": "5788a2ec-3444-4da7-ab26-8c0fd28775c7",
              "parentUUID": "e2cb40eb-c760-4fe1-a3ee-8a34e62a405b",
              "isHook": false,
              "skipped": false
            },
            {
              "title": "Verifica se cada elemento da paleta de cores tem uma borda preta, sólida e com 1 pixel de largura;",
              "fullTitle": "2 - Adicione à página uma paleta de quatro cores distintas. Verifica se cada elemento da paleta de cores tem uma borda preta, sólida e com 1 pixel de largura;",
              "timedOut": null,
              "duration": 189,
              "state": "passed",
              "speed": "slow",
              "pass": true,
              "fail": false,
              "pending": false,
              "context": null,
              "code": "cy.get('.color').each(function (color) {\n  cy.wrap(color).and('have.css', 'border', \"1px solid \".concat(BLACK)).and('have.class', 'color');\n});",
              "err": {},
              "uuid": "49ed8506-3d30-44c5-9c41-37c23a0ae224",
              "parentUUID": "e2cb40eb-c760-4fe1-a3ee-8a34e62a405b",
              "isHook": false,
              "skipped": false
            },
            {
              "title": "Verifica se a paleta lista todas as cores disponíveis para utilização, lado a lado.",
              "fullTitle": "2 - Adicione à página uma paleta de quatro cores distintas. Verifica se a paleta lista todas as cores disponíveis para utilização, lado a lado.",
              "timedOut": null,
              "duration": 115,
              "state": "passed",
              "speed": "slow",
              "pass": true,
              "fail": false,
              "pending": false,
              "context": null,
              "code": "cy.get('.color').then(function (colors) {\n  for (var index = 1; index < colors.length; index += 1) {\n    var currentColor = colors[index];\n    var previousColor = colors[index - 1];\n    cy.wrap(currentColor).should('be.onTheRightOf', previousColor).and('be.horizontallyAlignedWith', previousColor);\n  }\n});",
              "err": {},
              "uuid": "44f7dd04-0600-4825-ba49-f92e6c7e3200",
              "parentUUID": "e2cb40eb-c760-4fe1-a3ee-8a34e62a405b",
              "isHook": false,
              "skipped": false
            },
            {
              "title": "Verifica se a paleta de cores está posicionada abaixo do título 'Paleta de Cores'",
              "fullTitle": "2 - Adicione à página uma paleta de quatro cores distintas. Verifica se a paleta de cores está posicionada abaixo do título 'Paleta de Cores'",
              "timedOut": null,
              "duration": 143,
              "state": "passed",
              "speed": "slow",
              "pass": true,
              "fail": false,
              "pending": false,
              "context": null,
              "code": "cy.get('h1#title').then(function (title) {\n  cy.get('#color-palette').should('be.belowOf', title);\n});",
              "err": {},
              "uuid": "fc5ef9f6-793b-4a3f-b6f7-42dc4b22eaeb",
              "parentUUID": "e2cb40eb-c760-4fe1-a3ee-8a34e62a405b",
              "isHook": false,
              "skipped": false
            },
            {
              "title": "Verifica se a paleta de cores não contém cores repetidas.",
              "fullTitle": "2 - Adicione à página uma paleta de quatro cores distintas. Verifica se a paleta de cores não contém cores repetidas.",
              "timedOut": null,
              "duration": 135,
              "state": "passed",
              "speed": "slow",
              "pass": true,
              "fail": false,
              "pending": false,
              "context": null,
              "code": "cy.get('.color').then(function (colors) {\n  var allColors = Array.from(colors).map(function (color) {\n    return Cypress.$(color).css('background-color');\n  });\n  cy.log(allColors);\n  var uniqColors = (0, _toConsumableArray2[\"default\"])(new Set(allColors));\n  cy.log(uniqColors);\n  expect(allColors.length).to.eq(uniqColors.length);\n});",
              "err": {},
              "uuid": "00329bbb-dc81-4b87-bac9-b62cb6435db5",
              "parentUUID": "e2cb40eb-c760-4fe1-a3ee-8a34e62a405b",
              "isHook": false,
              "skipped": false
            }
          ],
          "suites": [],
          "passes": [
            "f9a526b2-8d05-45d9-9d42-f32fca698099",
            "12bc7f7c-3bcc-429c-aa21-c35342f3f115",
            "5788a2ec-3444-4da7-ab26-8c0fd28775c7",
            "49ed8506-3d30-44c5-9c41-37c23a0ae224",
            "44f7dd04-0600-4825-ba49-f92e6c7e3200",
            "fc5ef9f6-793b-4a3f-b6f7-42dc4b22eaeb",
            "00329bbb-dc81-4b87-bac9-b62cb6435db5"
          ],
          "failures": [],
          "pending": [],
          "skipped": [],
          "duration": 1130,
          "root": false,
          "rootEmpty": false,
          "_timeout": 2000
        },
        {
          "uuid": "fa55c09a-6bca-4592-b12d-d37561c8b4de",
          "title": "3 - Adicione a cor **preta** como a primeira cor da paleta de cores.",
          "fullFile": "",
          "file": "",
          "beforeHooks": [],
          "afterHooks": [],
          "tests": [
            {
              "title": "Verifica se a primeira cor da paleta é preta",
              "fullTitle": "3 - Adicione a cor **preta** como a primeira cor da paleta de cores. Verifica se a primeira cor da paleta é preta",
              "timedOut": null,
              "duration": 141,
              "state": "passed",
              "speed": "slow",
              "pass": true,
              "fail": false,
              "pending": false,
              "context": null,
              "code": "cy.get('.color').first().should('have.css', 'background-color', BLACK);",
              "err": {},
              "uuid": "b224ccaa-8a97-45d6-ac84-5f4b2a708fe2",
              "parentUUID": "fa55c09a-6bca-4592-b12d-d37561c8b4de",
              "isHook": false,
              "skipped": false
            },
            {
              "title": "Verifica se as demais cores podem ser escolhidas livremente.",
              "fullTitle": "3 - Adicione a cor **preta** como a primeira cor da paleta de cores. Verifica se as demais cores podem ser escolhidas livremente.",
              "timedOut": null,
              "duration": 236,
              "state": "passed",
              "speed": "slow",
              "pass": true,
              "fail": false,
              "pending": false,
              "context": null,
              "code": "cy.get('.color').eq(1).should('not.have.css', 'background-color', BLACK);\ncy.get('.color').eq(1).should('not.have.css', 'background-color', WHITE);\ncy.get('.color').eq(1).should('not.have.css', 'background-color', 'rgba(0, 0, 0, 0)');\ncy.get('.color').eq(1).should('have.css', 'background-color');\ncy.get('.color').eq(2).should('not.have.css', 'background-color', BLACK);\ncy.get('.color').eq(2).should('not.have.css', 'background-color', WHITE);\ncy.get('.color').eq(2).should('not.have.css', 'background-color', 'rgba(0, 0, 0, 0)');\ncy.get('.color').eq(2).should('have.css', 'background-color');\ncy.get('.color').eq(3).should('not.have.css', 'background-color', BLACK);\ncy.get('.color').eq(3).should('not.have.css', 'background-color', WHITE);\ncy.get('.color').eq(3).should('not.have.css', 'background-color', 'rgba(0, 0, 0, 0)');\ncy.get('.color').eq(3).should('have.css', 'background-color');",
              "err": {},
              "uuid": "44cb149c-0dff-4512-896d-a0a86be51917",
              "parentUUID": "fa55c09a-6bca-4592-b12d-d37561c8b4de",
              "isHook": false,
              "skipped": false
            }
          ],
          "suites": [],
          "passes": [
            "b224ccaa-8a97-45d6-ac84-5f4b2a708fe2",
            "44cb149c-0dff-4512-896d-a0a86be51917"
          ],
          "failures": [],
          "pending": [],
          "skipped": [],
          "duration": 377,
          "root": false,
          "rootEmpty": false,
          "_timeout": 2000
        },
        {
          "uuid": "180d9d02-ead0-41de-a03b-c1128eab3b61",
          "title": "4 - Adicione à página um quadro de pixels, com 25 pixels.",
          "fullFile": "",
          "file": "",
          "beforeHooks": [],
          "afterHooks": [],
          "tests": [
            {
              "title": "Verifica se o quadro de pixels possui o `id` denominado `pixel-board`",
              "fullTitle": "4 - Adicione à página um quadro de pixels, com 25 pixels. Verifica se o quadro de pixels possui o `id` denominado `pixel-board`",
              "timedOut": null,
              "duration": 137,
              "state": "passed",
              "speed": "slow",
              "pass": true,
              "fail": false,
              "pending": false,
              "context": null,
              "code": "cy.get('#pixel-board').should('be.visible');",
              "err": {},
              "uuid": "16f76c99-4c5e-499d-9cb7-2efe000ae81c",
              "parentUUID": "180d9d02-ead0-41de-a03b-c1128eab3b61",
              "isHook": false,
              "skipped": false
            },
            {
              "title": "Verifica se cada pixel individual dentro do quadro possui a `classe` denominada `pixel`.",
              "fullTitle": "4 - Adicione à página um quadro de pixels, com 25 pixels. Verifica se cada pixel individual dentro do quadro possui a `classe` denominada `pixel`.",
              "timedOut": null,
              "duration": 137,
              "state": "passed",
              "speed": "slow",
              "pass": true,
              "fail": false,
              "pending": false,
              "context": null,
              "code": "cy.get('.pixel').should('have.length', 25);",
              "err": {},
              "uuid": "277c6330-4004-4790-9d16-dc00a60abea3",
              "parentUUID": "180d9d02-ead0-41de-a03b-c1128eab3b61",
              "isHook": false,
              "skipped": false
            },
            {
              "title": "Verifica se a cor inicial dos pixels dentro do quadro, ao abrir a página, é branca.",
              "fullTitle": "4 - Adicione à página um quadro de pixels, com 25 pixels. Verifica se a cor inicial dos pixels dentro do quadro, ao abrir a página, é branca.",
              "timedOut": null,
              "duration": 208,
              "state": "passed",
              "speed": "slow",
              "pass": true,
              "fail": false,
              "pending": false,
              "context": null,
              "code": "cy.get('.pixel').should('have.length', 25).each(function (pixel) {\n  expect(pixel).to.have.css('background-color', WHITE);\n});",
              "err": {},
              "uuid": "f77c2df2-aa27-474e-a682-12b25c3eaf0f",
              "parentUUID": "180d9d02-ead0-41de-a03b-c1128eab3b61",
              "isHook": false,
              "skipped": false
            },
            {
              "title": "Verifica se o quadro de pixels aparece abaixo da paleta de cores",
              "fullTitle": "4 - Adicione à página um quadro de pixels, com 25 pixels. Verifica se o quadro de pixels aparece abaixo da paleta de cores",
              "timedOut": null,
              "duration": 111,
              "state": "passed",
              "speed": "slow",
              "pass": true,
              "fail": false,
              "pending": false,
              "context": null,
              "code": "cy.get('#color-palette').then(function (palette) {\n  cy.get('#pixel-board').should('be.belowOf', palette);\n});",
              "err": {},
              "uuid": "38861f66-9328-4768-8ff0-69928fb4849e",
              "parentUUID": "180d9d02-ead0-41de-a03b-c1128eab3b61",
              "isHook": false,
              "skipped": false
            }
          ],
          "suites": [],
          "passes": [
            "16f76c99-4c5e-499d-9cb7-2efe000ae81c",
            "277c6330-4004-4790-9d16-dc00a60abea3",
            "f77c2df2-aa27-474e-a682-12b25c3eaf0f",
            "38861f66-9328-4768-8ff0-69928fb4849e"
          ],
          "failures": [],
          "pending": [],
          "skipped": [],
          "duration": 593,
          "root": false,
          "rootEmpty": false,
          "_timeout": 2000
        },
        {
          "uuid": "74d0faad-cc2f-4ff0-99f1-69621e5df75c",
          "title": "5 - Faça com que cada elemento do quadro de pixels possua 40 pixels de largura, 40 pixels de altura e seja delimitado por uma borda preta de 1 pixel.",
          "fullFile": "",
          "file": "",
          "beforeHooks": [],
          "afterHooks": [],
          "tests": [
            {
              "title": "Verifica se o quadro de pixels tem altura e comprimento de 5 elementos",
              "fullTitle": "5 - Faça com que cada elemento do quadro de pixels possua 40 pixels de largura, 40 pixels de altura e seja delimitado por uma borda preta de 1 pixel. Verifica se o quadro de pixels tem altura e comprimento de 5 elementos",
              "timedOut": null,
              "duration": 356,
              "state": "passed",
              "speed": "slow",
              "pass": true,
              "fail": false,
              "pending": false,
              "context": null,
              "code": "cy.get('.pixel').should('have.length', 25).each(function (pixel) {\n  expect(pixel).to.have.css('background-color', WHITE);\n}).and(function (pixels) {\n  var rows = chunk(pixels, 5);\n  rows.forEach(function (row) {\n    for (var index = 1; index < row.length; index += 1) {\n      var current = pixels[index];\n      var previous = pixels[index - 1];\n      cy.wrap(current).should('be.onTheRightOf', previous).and('be.horizontallyAlignedWith', previous);\n    }\n  });\n  for (var index = 1; index < 5; index += 1) {\n    expect(pixels[index * 5]).to.be.belowOf(pixels[(index - 1) * 5]);\n  }\n});",
              "err": {},
              "uuid": "f9d7d358-8ae2-4841-9d0c-9afb1e5b8376",
              "parentUUID": "74d0faad-cc2f-4ff0-99f1-69621e5df75c",
              "isHook": false,
              "skipped": false
            },
            {
              "title": "Verifica se 40 pixels é o tamanho total do elemento, incluindo seu conteúdo e excluindo a borda preta, que deve ser criada à parte.",
              "fullTitle": "5 - Faça com que cada elemento do quadro de pixels possua 40 pixels de largura, 40 pixels de altura e seja delimitado por uma borda preta de 1 pixel. Verifica se 40 pixels é o tamanho total do elemento, incluindo seu conteúdo e excluindo a borda preta, que deve ser criada à parte.",
              "timedOut": null,
              "duration": 287,
              "state": "passed",
              "speed": "slow",
              "pass": true,
              "fail": false,
              "pending": false,
              "context": null,
              "code": "cy.get('.pixel').each(function (pixel) {\n  cy.wrap(pixel).should('have.css', 'height', '40px').and('have.css', 'width', '40px').and('have.css', 'border', \"1px solid \".concat(BLACK));\n});",
              "err": {},
              "uuid": "f6695c65-832a-4415-b415-62eb380828a4",
              "parentUUID": "74d0faad-cc2f-4ff0-99f1-69621e5df75c",
              "isHook": false,
              "skipped": false
            }
          ],
          "suites": [],
          "passes": [
            "f9d7d358-8ae2-4841-9d0c-9afb1e5b8376",
            "f6695c65-832a-4415-b415-62eb380828a4"
          ],
          "failures": [],
          "pending": [],
          "skipped": [],
          "duration": 643,
          "root": false,
          "rootEmpty": false,
          "_timeout": 2000
        },
        {
          "uuid": "afe96315-10ea-4ede-a43a-beb444383184",
          "title": "6 - Defina a cor preta como cor inicial. Ao carregar a página a cor preta já deve estar selecionada para pintar os pixels",
          "fullFile": "",
          "file": "",
          "beforeHooks": [],
          "afterHooks": [],
          "tests": [
            {
              "title": "Verifica se o elemento da cor preta possui, inicialmente, a `classe` `selected`",
              "fullTitle": "6 - Defina a cor preta como cor inicial. Ao carregar a página a cor preta já deve estar selecionada para pintar os pixels Verifica se o elemento da cor preta possui, inicialmente, a `classe` `selected`",
              "timedOut": null,
              "duration": 102,
              "state": "passed",
              "speed": "slow",
              "pass": true,
              "fail": false,
              "pending": false,
              "context": null,
              "code": "cy.get('.selected').first().should('have.css', 'background-color', BLACK);",
              "err": {},
              "uuid": "a91bcfcf-32c0-4f63-ab82-0792b26f4f11",
              "parentUUID": "afe96315-10ea-4ede-a43a-beb444383184",
              "isHook": false,
              "skipped": false
            },
            {
              "title": "Verifica se nenhuma outra cor da paleta tem a `classe` `selected`",
              "fullTitle": "6 - Defina a cor preta como cor inicial. Ao carregar a página a cor preta já deve estar selecionada para pintar os pixels Verifica se nenhuma outra cor da paleta tem a `classe` `selected`",
              "timedOut": null,
              "duration": 120,
              "state": "passed",
              "speed": "slow",
              "pass": true,
              "fail": false,
              "pending": false,
              "context": null,
              "code": "cy.get('.color:not(:first-child)').each(function (color) {\n  cy.wrap(color).should('not.have.class', 'selected');\n});",
              "err": {},
              "uuid": "cb6396f7-754a-4834-b430-0e0c36e4e591",
              "parentUUID": "afe96315-10ea-4ede-a43a-beb444383184",
              "isHook": false,
              "skipped": false
            }
          ],
          "suites": [],
          "passes": [
            "a91bcfcf-32c0-4f63-ab82-0792b26f4f11",
            "cb6396f7-754a-4834-b430-0e0c36e4e591"
          ],
          "failures": [],
          "pending": [],
          "skipped": [],
          "duration": 222,
          "root": false,
          "rootEmpty": false,
          "_timeout": 2000
        },
        {
          "uuid": "7bad8758-e3b0-42dc-b38e-d65db772c639",
          "title": "7 - Clicar em uma das cores da paleta, faz com que ela seja selecionada e utilizada para preencher os pixels no quadro.",
          "fullFile": "",
          "file": "",
          "beforeHooks": [],
          "afterHooks": [],
          "tests": [
            {
              "title": "Verifica se somente uma cor da paleta de cores tem a classe `selected` de cada vez",
              "fullTitle": "7 - Clicar em uma das cores da paleta, faz com que ela seja selecionada e utilizada para preencher os pixels no quadro. Verifica se somente uma cor da paleta de cores tem a classe `selected` de cada vez",
              "timedOut": null,
              "duration": 502,
              "state": "passed",
              "speed": "slow",
              "pass": true,
              "fail": false,
              "pending": false,
              "context": null,
              "code": "cy.get('.color').each(function (selectedColor, selectedColorIndex) {\n  cy.wrap(selectedColor).click();\n  cy.get('.color').each(function (color, colorIndex) {\n    if (colorIndex === selectedColorIndex) {\n      expect(color).to.have[\"class\"]('selected');\n    } else {\n      expect(color).not.to.have[\"class\"]('selected');\n    }\n  });\n});",
              "err": {},
              "uuid": "de56dd51-a7db-42f2-844d-927310d3c6c8",
              "parentUUID": "7bad8758-e3b0-42dc-b38e-d65db772c639",
              "isHook": false,
              "skipped": false
            },
            {
              "title": "Verifica se os pixels dentro do quadro não têm a classe `selected` quando são clicados",
              "fullTitle": "7 - Clicar em uma das cores da paleta, faz com que ela seja selecionada e utilizada para preencher os pixels no quadro. Verifica se os pixels dentro do quadro não têm a classe `selected` quando são clicados",
              "timedOut": null,
              "duration": 8728,
              "state": "passed",
              "speed": "slow",
              "pass": true,
              "fail": false,
              "pending": false,
              "context": null,
              "code": "cy.get('.color').each(function (color) {\n  var backgroundColor = color.css('background-color');\n  cy.wrap(color).click();\n  cy.get('.pixel').each(function (pixel) {\n    cy.wrap(pixel).click().should('not.have.class', 'selected');\n  });\n});",
              "err": {},
              "uuid": "1c8b8ad8-8d8d-4890-9bb2-fd32591e8111",
              "parentUUID": "7bad8758-e3b0-42dc-b38e-d65db772c639",
              "isHook": false,
              "skipped": false
            }
          ],
          "suites": [],
          "passes": [
            "de56dd51-a7db-42f2-844d-927310d3c6c8",
            "1c8b8ad8-8d8d-4890-9bb2-fd32591e8111"
          ],
          "failures": [],
          "pending": [],
          "skipped": [],
          "duration": 9230,
          "root": false,
          "rootEmpty": false,
          "_timeout": 2000
        },
        {
          "uuid": "61982e9b-4689-4ce9-a15a-2b3d7cd8b9be",
          "title": "8 - Clicar em um pixel dentro do quadro após selecionar uma cor na paleta, faz com que o pixel seja preenchido com a cor selecionada.",
          "fullFile": "",
          "file": "",
          "beforeHooks": [],
          "afterHooks": [],
          "tests": [
            {
              "title": "Verifica se ao carregar a página deve ser possível pintar os pixels de preto",
              "fullTitle": "8 - Clicar em um pixel dentro do quadro após selecionar uma cor na paleta, faz com que o pixel seja preenchido com a cor selecionada. Verifica se ao carregar a página deve ser possível pintar os pixels de preto",
              "timedOut": null,
              "duration": 4414,
              "state": "failed",
              "speed": null,
              "pass": false,
              "fail": true,
              "pending": false,
              "context": null,
              "code": "cy.get('.pixel').each(function (pixel) {\n  cy.wrap(pixel).click().should('have.css', 'background-color', BLACK);\n});",
              "err": {
                "message": "CypressError: Timed out retrying: expected '<div.pixel>' to have CSS property 'background-color' with the value 'rgb(0, 0, 0)', but the value was 'rgb(0, 128, 0)'",
                "estack": "CypressError: Timed out retrying: expected '<div.pixel>' to have CSS property 'background-color' with the value 'rgb(0, 0, 0)', but the value was 'rgb(0, 128, 0)'\n    at cypressErr (http://localhost:38945/__cypress/runner/cypress_runner.js:149934:9)\n    at throwErr (http://localhost:38945/__cypress/runner/cypress_runner.js:149867:11)\n    at Object.throwErrByPath (http://localhost:38945/__cypress/runner/cypress_runner.js:149915:3)\n    at retry (http://localhost:38945/__cypress/runner/cypress_runner.js:144197:19)\n    at onFailFn (http://localhost:38945/__cypress/runner/cypress_runner.js:132448:16)\n    at tryCatcher (http://localhost:38945/__cypress/runner/cypress_runner.js:167415:23)\n    at Promise._settlePromiseFromHandler (http://localhost:38945/__cypress/runner/cypress_runner.js:165351:31)\n    at Promise._settlePromise (http://localhost:38945/__cypress/runner/cypress_runner.js:165408:18)\n    at Promise._settlePromise0 (http://localhost:38945/__cypress/runner/cypress_runner.js:165453:10)\n    at Promise._settlePromises (http://localhost:38945/__cypress/runner/cypress_runner.js:165528:18)\n    at Async../node_modules/bluebird/js/release/async.js.Async._drainQueue (http://localhost:38945/__cypress/runner/cypress_runner.js:162140:16)\n    at Async../node_modules/bluebird/js/release/async.js.Async._drainQueues (http://localhost:38945/__cypress/runner/cypress_runner.js:162150:10)\n    at Async.drainQueues (http://localhost:38945/__cypress/runner/cypress_runner.js:162024:14)",
                "diff": null
              },
              "uuid": "99a2e481-25fb-4d2a-8b3b-29714766a77b",
              "parentUUID": "61982e9b-4689-4ce9-a15a-2b3d7cd8b9be",
              "isHook": false,
              "skipped": false
            },
            {
              "title": "Verifica se após selecionar uma outra cor na paleta, é possível pintar os pixels com essa cor",
              "fullTitle": "8 - Clicar em um pixel dentro do quadro após selecionar uma cor na paleta, faz com que o pixel seja preenchido com a cor selecionada. Verifica se após selecionar uma outra cor na paleta, é possível pintar os pixels com essa cor",
              "timedOut": null,
              "duration": 4480,
              "state": "failed",
              "speed": null,
              "pass": false,
              "fail": true,
              "pending": false,
              "context": null,
              "code": "cy.get('.color').each(function (color) {\n  var backgroundColor = color.css('background-color');\n  cy.wrap(color).click();\n  cy.get('.pixel').each(function (pixel) {\n    cy.wrap(pixel).click().should('have.css', 'background-color', backgroundColor);\n  });\n});",
              "err": {
                "message": "CypressError: Timed out retrying: expected '<div.pixel>' to have CSS property 'background-color' with the value 'rgb(0, 0, 0)', but the value was 'rgb(0, 128, 0)'",
                "estack": "CypressError: Timed out retrying: expected '<div.pixel>' to have CSS property 'background-color' with the value 'rgb(0, 0, 0)', but the value was 'rgb(0, 128, 0)'\n    at cypressErr (http://localhost:38945/__cypress/runner/cypress_runner.js:149934:9)\n    at throwErr (http://localhost:38945/__cypress/runner/cypress_runner.js:149867:11)\n    at Object.throwErrByPath (http://localhost:38945/__cypress/runner/cypress_runner.js:149915:3)\n    at retry (http://localhost:38945/__cypress/runner/cypress_runner.js:144197:19)\n    at onFailFn (http://localhost:38945/__cypress/runner/cypress_runner.js:132448:16)\n    at tryCatcher (http://localhost:38945/__cypress/runner/cypress_runner.js:167415:23)\n    at Promise._settlePromiseFromHandler (http://localhost:38945/__cypress/runner/cypress_runner.js:165351:31)\n    at Promise._settlePromise (http://localhost:38945/__cypress/runner/cypress_runner.js:165408:18)\n    at Promise._settlePromise0 (http://localhost:38945/__cypress/runner/cypress_runner.js:165453:10)\n    at Promise._settlePromises (http://localhost:38945/__cypress/runner/cypress_runner.js:165528:18)\n    at Async../node_modules/bluebird/js/release/async.js.Async._drainQueue (http://localhost:38945/__cypress/runner/cypress_runner.js:162140:16)\n    at Async../node_modules/bluebird/js/release/async.js.Async._drainQueues (http://localhost:38945/__cypress/runner/cypress_runner.js:162150:10)\n    at Async.drainQueues (http://localhost:38945/__cypress/runner/cypress_runner.js:162024:14)",
                "diff": null
              },
              "uuid": "a81aa1b5-7ff5-41a7-96b9-421c8989fdc5",
              "parentUUID": "61982e9b-4689-4ce9-a15a-2b3d7cd8b9be",
              "isHook": false,
              "skipped": false
            },
            {
              "title": "Verifica se somente o pixel que foi clicado foi preenchido com a cor selecionada, sem influenciar na cor dos demais pixels.",
              "fullTitle": "8 - Clicar em um pixel dentro do quadro após selecionar uma cor na paleta, faz com que o pixel seja preenchido com a cor selecionada. Verifica se somente o pixel que foi clicado foi preenchido com a cor selecionada, sem influenciar na cor dos demais pixels.",
              "timedOut": null,
              "duration": 1497,
              "state": "passed",
              "speed": "slow",
              "pass": true,
              "fail": false,
              "pending": false,
              "context": null,
              "code": "var colorToPixelIndexMap = {\n  0: 6,\n  1: 8,\n  2: 16,\n  3: 18\n};\ncy.get('.color').each(function (color, index) {\n  cy.wrap(color).click();\n  var backgroundColor = color.css('background-color');\n  var clickedPixelIndex = colorToPixelIndexMap[index];\n  cy.get('.pixel').eq(clickedPixelIndex).click();\n  cy.get('.pixel').eq(clickedPixelIndex - 1).should('not.have.css', 'background-color', backgroundColor);\n  cy.get('.pixel').eq(clickedPixelIndex + 1).should('not.have.css', 'background-color', backgroundColor);\n  cy.get('.pixel').eq(clickedPixelIndex - 5).should('not.have.css', 'background-color', backgroundColor);\n  cy.get('.pixel').eq(clickedPixelIndex + 5).should('not.have.css', 'background-color', backgroundColor);\n  cy.get('.pixel').eq(clickedPixelIndex - 6).should('not.have.css', 'background-color', backgroundColor);\n  cy.get('.pixel').eq(clickedPixelIndex - 4).should('not.have.css', 'background-color', backgroundColor);\n  cy.get('.pixel').eq(clickedPixelIndex + 4).should('not.have.css', 'background-color', backgroundColor);\n  cy.get('.pixel').eq(clickedPixelIndex + 6).should('not.have.css', 'background-color', backgroundColor);\n});",
              "err": {},
              "uuid": "66aae9db-58dc-4805-80fe-170e2a3d0b6a",
              "parentUUID": "61982e9b-4689-4ce9-a15a-2b3d7cd8b9be",
              "isHook": false,
              "skipped": false
            }
          ],
          "suites": [],
          "passes": [
            "66aae9db-58dc-4805-80fe-170e2a3d0b6a"
          ],
          "failures": [
            "99a2e481-25fb-4d2a-8b3b-29714766a77b",
            "a81aa1b5-7ff5-41a7-96b9-421c8989fdc5"
          ],
          "pending": [],
          "skipped": [],
          "duration": 10391,
          "root": false,
          "rootEmpty": false,
          "_timeout": 2000
        },
        {
          "uuid": "28dde8a6-6efd-40b9-a7d8-e964f7249173",
          "title": "9 - Crie um botão que, ao ser clicado, limpa o quadro preenchendo a cor de todos seus pixels com branco.",
          "fullFile": "",
          "file": "",
          "beforeHooks": [],
          "afterHooks": [],
          "tests": [
            {
              "title": "Verifica se o botão tem o `id` denominado `clear-board`",
              "fullTitle": "9 - Crie um botão que, ao ser clicado, limpa o quadro preenchendo a cor de todos seus pixels com branco. Verifica se o botão tem o `id` denominado `clear-board`",
              "timedOut": null,
              "duration": 4369,
              "state": "failed",
              "speed": null,
              "pass": false,
              "fail": true,
              "pending": false,
              "context": null,
              "code": "cy.get('#clear-board').should('be.visible');",
              "err": {
                "message": "CypressError: Timed out retrying: Expected to find element: '#clear-board', but never found it.",
                "estack": "CypressError: Timed out retrying: Expected to find element: '#clear-board', but never found it.\n    at cypressErr (http://localhost:38945/__cypress/runner/cypress_runner.js:149934:9)\n    at throwErr (http://localhost:38945/__cypress/runner/cypress_runner.js:149867:11)\n    at Object.throwErrByPath (http://localhost:38945/__cypress/runner/cypress_runner.js:149915:3)\n    at retry (http://localhost:38945/__cypress/runner/cypress_runner.js:144197:19)\n    at onFailFn (http://localhost:38945/__cypress/runner/cypress_runner.js:132448:16)\n    at tryCatcher (http://localhost:38945/__cypress/runner/cypress_runner.js:167415:23)\n    at Promise._settlePromiseFromHandler (http://localhost:38945/__cypress/runner/cypress_runner.js:165351:31)\n    at Promise._settlePromise (http://localhost:38945/__cypress/runner/cypress_runner.js:165408:18)\n    at Promise._settlePromise0 (http://localhost:38945/__cypress/runner/cypress_runner.js:165453:10)\n    at Promise._settlePromises (http://localhost:38945/__cypress/runner/cypress_runner.js:165528:18)\n    at Async../node_modules/bluebird/js/release/async.js.Async._drainQueue (http://localhost:38945/__cypress/runner/cypress_runner.js:162140:16)\n    at Async../node_modules/bluebird/js/release/async.js.Async._drainQueues (http://localhost:38945/__cypress/runner/cypress_runner.js:162150:10)\n    at Async.drainQueues (http://localhost:38945/__cypress/runner/cypress_runner.js:162024:14)",
                "diff": null
              },
              "uuid": "b9f2f749-669f-4df6-b82c-102995287c63",
              "parentUUID": "28dde8a6-6efd-40b9-a7d8-e964f7249173",
              "isHook": false,
              "skipped": false
            },
            {
              "title": "Verifica se o botão está posicionado entre a paleta de cores e o quadro de pixels",
              "fullTitle": "9 - Crie um botão que, ao ser clicado, limpa o quadro preenchendo a cor de todos seus pixels com branco. Verifica se o botão está posicionado entre a paleta de cores e o quadro de pixels",
              "timedOut": null,
              "duration": 4304,
              "state": "failed",
              "speed": null,
              "pass": false,
              "fail": true,
              "pending": false,
              "context": null,
              "code": "cy.get('#color-palette').then(function (palette) {\n  cy.get('#clear-board').should('be.belowOf', palette);\n});\ncy.get('#clear-board').then(function (clearBtn) {\n  cy.get('#pixel-board').should('be.belowOf', clearBtn);\n});",
              "err": {
                "message": "CypressError: Timed out retrying: Expected to find element: '#clear-board', but never found it.",
                "estack": "CypressError: Timed out retrying: Expected to find element: '#clear-board', but never found it.\n    at cypressErr (http://localhost:38945/__cypress/runner/cypress_runner.js:149934:9)\n    at throwErr (http://localhost:38945/__cypress/runner/cypress_runner.js:149867:11)\n    at Object.throwErrByPath (http://localhost:38945/__cypress/runner/cypress_runner.js:149915:3)\n    at retry (http://localhost:38945/__cypress/runner/cypress_runner.js:144197:19)\n    at onFailFn (http://localhost:38945/__cypress/runner/cypress_runner.js:132448:16)\n    at tryCatcher (http://localhost:38945/__cypress/runner/cypress_runner.js:167415:23)\n    at Promise._settlePromiseFromHandler (http://localhost:38945/__cypress/runner/cypress_runner.js:165351:31)\n    at Promise._settlePromise (http://localhost:38945/__cypress/runner/cypress_runner.js:165408:18)\n    at Promise._settlePromise0 (http://localhost:38945/__cypress/runner/cypress_runner.js:165453:10)\n    at Promise._settlePromises (http://localhost:38945/__cypress/runner/cypress_runner.js:165528:18)\n    at Async../node_modules/bluebird/js/release/async.js.Async._drainQueue (http://localhost:38945/__cypress/runner/cypress_runner.js:162140:16)\n    at Async../node_modules/bluebird/js/release/async.js.Async._drainQueues (http://localhost:38945/__cypress/runner/cypress_runner.js:162150:10)\n    at Async.drainQueues (http://localhost:38945/__cypress/runner/cypress_runner.js:162024:14)",
                "diff": null
              },
              "uuid": "2a12ff03-dc41-4ae3-9a7d-b07819991a0f",
              "parentUUID": "28dde8a6-6efd-40b9-a7d8-e964f7249173",
              "isHook": false,
              "skipped": false
            },
            {
              "title": "Verifica se o texto do botão é 'Limpar'",
              "fullTitle": "9 - Crie um botão que, ao ser clicado, limpa o quadro preenchendo a cor de todos seus pixels com branco. Verifica se o texto do botão é 'Limpar'",
              "timedOut": null,
              "duration": 4329,
              "state": "failed",
              "speed": null,
              "pass": false,
              "fail": true,
              "pending": false,
              "context": null,
              "code": "cy.get('#clear-board').should('contain.text', 'Limpar');",
              "err": {
                "message": "CypressError: Timed out retrying: Expected to find element: '#clear-board', but never found it.",
                "estack": "CypressError: Timed out retrying: Expected to find element: '#clear-board', but never found it.\n    at cypressErr (http://localhost:38945/__cypress/runner/cypress_runner.js:149934:9)\n    at throwErr (http://localhost:38945/__cypress/runner/cypress_runner.js:149867:11)\n    at Object.throwErrByPath (http://localhost:38945/__cypress/runner/cypress_runner.js:149915:3)\n    at retry (http://localhost:38945/__cypress/runner/cypress_runner.js:144197:19)\n    at onFailFn (http://localhost:38945/__cypress/runner/cypress_runner.js:132448:16)\n    at tryCatcher (http://localhost:38945/__cypress/runner/cypress_runner.js:167415:23)\n    at Promise._settlePromiseFromHandler (http://localhost:38945/__cypress/runner/cypress_runner.js:165351:31)\n    at Promise._settlePromise (http://localhost:38945/__cypress/runner/cypress_runner.js:165408:18)\n    at Promise._settlePromise0 (http://localhost:38945/__cypress/runner/cypress_runner.js:165453:10)\n    at Promise._settlePromises (http://localhost:38945/__cypress/runner/cypress_runner.js:165528:18)\n    at Async../node_modules/bluebird/js/release/async.js.Async._drainQueue (http://localhost:38945/__cypress/runner/cypress_runner.js:162140:16)\n    at Async../node_modules/bluebird/js/release/async.js.Async._drainQueues (http://localhost:38945/__cypress/runner/cypress_runner.js:162150:10)\n    at Async.drainQueues (http://localhost:38945/__cypress/runner/cypress_runner.js:162024:14)",
                "diff": null
              },
              "uuid": "59d3fe2d-137b-4043-b469-21b916c5a9fb",
              "parentUUID": "28dde8a6-6efd-40b9-a7d8-e964f7249173",
              "isHook": false,
              "skipped": false
            },
            {
              "title": "Verifica se ao clicar no botão, o quadro de pixels é totalmente preenchido de branco",
              "fullTitle": "9 - Crie um botão que, ao ser clicado, limpa o quadro preenchendo a cor de todos seus pixels com branco. Verifica se ao clicar no botão, o quadro de pixels é totalmente preenchido de branco",
              "timedOut": null,
              "duration": 4508,
              "state": "failed",
              "speed": null,
              "pass": false,
              "fail": true,
              "pending": false,
              "context": null,
              "code": "cy.get('.color').eq(1).then(function (color) {\n  var backgroundColor = color.css('background-color');\n  cy.wrap(color).click();\n  cy.get('.pixel').each(function (pixel) {\n    cy.wrap(pixel).click().should('have.css', 'background-color', backgroundColor);\n  });\n});\ncy.get('#clear-board').click();\ncy.get('.pixel').each(function (pixel) {\n  cy.wrap(pixel).should('have.css', 'background-color', WHITE);\n});",
              "err": {
                "message": "CypressError: Timed out retrying: expected '<div.pixel>' to have CSS property 'background-color' with the value 'rgb(0, 0, 255)', but the value was 'rgb(0, 128, 0)'",
                "estack": "CypressError: Timed out retrying: expected '<div.pixel>' to have CSS property 'background-color' with the value 'rgb(0, 0, 255)', but the value was 'rgb(0, 128, 0)'\n    at cypressErr (http://localhost:38945/__cypress/runner/cypress_runner.js:149934:9)\n    at throwErr (http://localhost:38945/__cypress/runner/cypress_runner.js:149867:11)\n    at Object.throwErrByPath (http://localhost:38945/__cypress/runner/cypress_runner.js:149915:3)\n    at retry (http://localhost:38945/__cypress/runner/cypress_runner.js:144197:19)\n    at onFailFn (http://localhost:38945/__cypress/runner/cypress_runner.js:132448:16)\n    at tryCatcher (http://localhost:38945/__cypress/runner/cypress_runner.js:167415:23)\n    at Promise._settlePromiseFromHandler (http://localhost:38945/__cypress/runner/cypress_runner.js:165351:31)\n    at Promise._settlePromise (http://localhost:38945/__cypress/runner/cypress_runner.js:165408:18)\n    at Promise._settlePromise0 (http://localhost:38945/__cypress/runner/cypress_runner.js:165453:10)\n    at Promise._settlePromises (http://localhost:38945/__cypress/runner/cypress_runner.js:165528:18)\n    at Async../node_modules/bluebird/js/release/async.js.Async._drainQueue (http://localhost:38945/__cypress/runner/cypress_runner.js:162140:16)\n    at Async../node_modules/bluebird/js/release/async.js.Async._drainQueues (http://localhost:38945/__cypress/runner/cypress_runner.js:162150:10)\n    at Async.drainQueues (http://localhost:38945/__cypress/runner/cypress_runner.js:162024:14)",
                "diff": null
              },
              "uuid": "f25ed5c1-3e6d-4e66-ad29-3191489bdb16",
              "parentUUID": "28dde8a6-6efd-40b9-a7d8-e964f7249173",
              "isHook": false,
              "skipped": false
            }
          ],
          "suites": [],
          "passes": [],
          "failures": [
            "b9f2f749-669f-4df6-b82c-102995287c63",
            "2a12ff03-dc41-4ae3-9a7d-b07819991a0f",
            "59d3fe2d-137b-4043-b469-21b916c5a9fb",
            "f25ed5c1-3e6d-4e66-ad29-3191489bdb16"
          ],
          "pending": [],
          "skipped": [],
          "duration": 17510,
          "root": false,
          "rootEmpty": false,
          "_timeout": 2000
        },
        {
          "uuid": "6e410a33-fd05-4d6d-a161-fd1b358d62dd",
          "title": "10 - Faça o quadro de pixels ter seu tamanho definido pelo usuário.",
          "fullFile": "",
          "file": "",
          "beforeHooks": [],
          "afterHooks": [],
          "tests": [
            {
              "title": "Verifica se existe um input com o id `board-size`",
              "fullTitle": "10 - Faça o quadro de pixels ter seu tamanho definido pelo usuário. Verifica se existe um input com o id `board-size`",
              "timedOut": null,
              "duration": 4318,
              "state": "failed",
              "speed": null,
              "pass": false,
              "fail": true,
              "pending": false,
              "context": null,
              "code": "cy.get('#board-size').should('be.visible');",
              "err": {
                "message": "CypressError: Timed out retrying: Expected to find element: '#board-size', but never found it.",
                "estack": "CypressError: Timed out retrying: Expected to find element: '#board-size', but never found it.\n    at cypressErr (http://localhost:38945/__cypress/runner/cypress_runner.js:149934:9)\n    at throwErr (http://localhost:38945/__cypress/runner/cypress_runner.js:149867:11)\n    at Object.throwErrByPath (http://localhost:38945/__cypress/runner/cypress_runner.js:149915:3)\n    at retry (http://localhost:38945/__cypress/runner/cypress_runner.js:144197:19)\n    at onFailFn (http://localhost:38945/__cypress/runner/cypress_runner.js:132448:16)\n    at tryCatcher (http://localhost:38945/__cypress/runner/cypress_runner.js:167415:23)\n    at Promise._settlePromiseFromHandler (http://localhost:38945/__cypress/runner/cypress_runner.js:165351:31)\n    at Promise._settlePromise (http://localhost:38945/__cypress/runner/cypress_runner.js:165408:18)\n    at Promise._settlePromise0 (http://localhost:38945/__cypress/runner/cypress_runner.js:165453:10)\n    at Promise._settlePromises (http://localhost:38945/__cypress/runner/cypress_runner.js:165528:18)\n    at Async../node_modules/bluebird/js/release/async.js.Async._drainQueue (http://localhost:38945/__cypress/runner/cypress_runner.js:162140:16)\n    at Async../node_modules/bluebird/js/release/async.js.Async._drainQueues (http://localhost:38945/__cypress/runner/cypress_runner.js:162150:10)\n    at Async.drainQueues (http://localhost:38945/__cypress/runner/cypress_runner.js:162024:14)",
                "diff": null
              },
              "uuid": "35382422-2230-4c25-bf2c-de203a86d52f",
              "parentUUID": "6e410a33-fd05-4d6d-a161-fd1b358d62dd",
              "isHook": false,
              "skipped": false
            },
            {
              "title": "Verifica se existe um botão com o id `generate-board`",
              "fullTitle": "10 - Faça o quadro de pixels ter seu tamanho definido pelo usuário. Verifica se existe um botão com o id `generate-board`",
              "timedOut": null,
              "duration": 4299,
              "state": "failed",
              "speed": null,
              "pass": false,
              "fail": true,
              "pending": false,
              "context": null,
              "code": "cy.get('#generate-board').should('be.visible');",
              "err": {
                "message": "CypressError: Timed out retrying: Expected to find element: '#generate-board', but never found it.",
                "estack": "CypressError: Timed out retrying: Expected to find element: '#generate-board', but never found it.\n    at cypressErr (http://localhost:38945/__cypress/runner/cypress_runner.js:149934:9)\n    at throwErr (http://localhost:38945/__cypress/runner/cypress_runner.js:149867:11)\n    at Object.throwErrByPath (http://localhost:38945/__cypress/runner/cypress_runner.js:149915:3)\n    at retry (http://localhost:38945/__cypress/runner/cypress_runner.js:144197:19)\n    at onFailFn (http://localhost:38945/__cypress/runner/cypress_runner.js:132448:16)\n    at tryCatcher (http://localhost:38945/__cypress/runner/cypress_runner.js:167415:23)\n    at Promise._settlePromiseFromHandler (http://localhost:38945/__cypress/runner/cypress_runner.js:165351:31)\n    at Promise._settlePromise (http://localhost:38945/__cypress/runner/cypress_runner.js:165408:18)\n    at Promise._settlePromise0 (http://localhost:38945/__cypress/runner/cypress_runner.js:165453:10)\n    at Promise._settlePromises (http://localhost:38945/__cypress/runner/cypress_runner.js:165528:18)\n    at Async../node_modules/bluebird/js/release/async.js.Async._drainQueue (http://localhost:38945/__cypress/runner/cypress_runner.js:162140:16)\n    at Async../node_modules/bluebird/js/release/async.js.Async._drainQueues (http://localhost:38945/__cypress/runner/cypress_runner.js:162150:10)\n    at Async.drainQueues (http://localhost:38945/__cypress/runner/cypress_runner.js:162024:14)",
                "diff": null
              },
              "uuid": "d7c699e3-035a-4f66-b275-a83bdd867752",
              "parentUUID": "6e410a33-fd05-4d6d-a161-fd1b358d62dd",
              "isHook": false,
              "skipped": false
            },
            {
              "title": "Verifica se o input só aceita número maiores que zero. Essa restrição deve ser feita usando os atributos do elemento `input`",
              "fullTitle": "10 - Faça o quadro de pixels ter seu tamanho definido pelo usuário. Verifica se o input só aceita número maiores que zero. Essa restrição deve ser feita usando os atributos do elemento `input`",
              "timedOut": null,
              "duration": 4296,
              "state": "failed",
              "speed": null,
              "pass": false,
              "fail": true,
              "pending": false,
              "context": null,
              "code": "cy.get('#board-size[type=\\'number\\'][min=\\'1\\']');",
              "err": {
                "message": "CypressError: Timed out retrying: Expected to find element: '#board-size[type='number'][min='1']', but never found it.",
                "estack": "CypressError: Timed out retrying: Expected to find element: '#board-size[type='number'][min='1']', but never found it.\n    at cypressErr (http://localhost:38945/__cypress/runner/cypress_runner.js:149934:9)\n    at throwErr (http://localhost:38945/__cypress/runner/cypress_runner.js:149867:11)\n    at Object.throwErrByPath (http://localhost:38945/__cypress/runner/cypress_runner.js:149915:3)\n    at retry (http://localhost:38945/__cypress/runner/cypress_runner.js:144197:19)\n    at onFailFn (http://localhost:38945/__cypress/runner/cypress_runner.js:132448:16)\n    at tryCatcher (http://localhost:38945/__cypress/runner/cypress_runner.js:167415:23)\n    at Promise._settlePromiseFromHandler (http://localhost:38945/__cypress/runner/cypress_runner.js:165351:31)\n    at Promise._settlePromise (http://localhost:38945/__cypress/runner/cypress_runner.js:165408:18)\n    at Promise._settlePromise0 (http://localhost:38945/__cypress/runner/cypress_runner.js:165453:10)\n    at Promise._settlePromises (http://localhost:38945/__cypress/runner/cypress_runner.js:165528:18)\n    at Async../node_modules/bluebird/js/release/async.js.Async._drainQueue (http://localhost:38945/__cypress/runner/cypress_runner.js:162140:16)\n    at Async../node_modules/bluebird/js/release/async.js.Async._drainQueues (http://localhost:38945/__cypress/runner/cypress_runner.js:162150:10)\n    at Async.drainQueues (http://localhost:38945/__cypress/runner/cypress_runner.js:162024:14)",
                "diff": null
              },
              "uuid": "ccfd2dbf-8375-4f78-b35e-5584bf17e8c6",
              "parentUUID": "6e410a33-fd05-4d6d-a161-fd1b358d62dd",
              "isHook": false,
              "skipped": false
            },
            {
              "title": "Verifica se o botão contém o texto 'VQV'",
              "fullTitle": "10 - Faça o quadro de pixels ter seu tamanho definido pelo usuário. Verifica se o botão contém o texto 'VQV'",
              "timedOut": null,
              "duration": 4295,
              "state": "failed",
              "speed": null,
              "pass": false,
              "fail": true,
              "pending": false,
              "context": null,
              "code": "cy.get('#generate-board').contains(/vqv/i);",
              "err": {
                "message": "CypressError: Timed out retrying: Expected to find element: '#generate-board', but never found it.",
                "estack": "CypressError: Timed out retrying: Expected to find element: '#generate-board', but never found it.\n    at cypressErr (http://localhost:38945/__cypress/runner/cypress_runner.js:149934:9)\n    at throwErr (http://localhost:38945/__cypress/runner/cypress_runner.js:149867:11)\n    at Object.throwErrByPath (http://localhost:38945/__cypress/runner/cypress_runner.js:149915:3)\n    at retry (http://localhost:38945/__cypress/runner/cypress_runner.js:144197:19)\n    at onFailFn (http://localhost:38945/__cypress/runner/cypress_runner.js:132448:16)\n    at tryCatcher (http://localhost:38945/__cypress/runner/cypress_runner.js:167415:23)\n    at Promise._settlePromiseFromHandler (http://localhost:38945/__cypress/runner/cypress_runner.js:165351:31)\n    at Promise._settlePromise (http://localhost:38945/__cypress/runner/cypress_runner.js:165408:18)\n    at Promise._settlePromise0 (http://localhost:38945/__cypress/runner/cypress_runner.js:165453:10)\n    at Promise._settlePromises (http://localhost:38945/__cypress/runner/cypress_runner.js:165528:18)\n    at Async../node_modules/bluebird/js/release/async.js.Async._drainQueue (http://localhost:38945/__cypress/runner/cypress_runner.js:162140:16)\n    at Async../node_modules/bluebird/js/release/async.js.Async._drainQueues (http://localhost:38945/__cypress/runner/cypress_runner.js:162150:10)\n    at Async.drainQueues (http://localhost:38945/__cypress/runner/cypress_runner.js:162024:14)",
                "diff": null
              },
              "uuid": "026991ba-04cb-4e27-b5c5-d64e4f7e2384",
              "parentUUID": "6e410a33-fd05-4d6d-a161-fd1b358d62dd",
              "isHook": false,
              "skipped": false
            },
            {
              "title": "Verifica se o input está posicionado entre a paleta de cores e o quadro de pixels",
              "fullTitle": "10 - Faça o quadro de pixels ter seu tamanho definido pelo usuário. Verifica se o input está posicionado entre a paleta de cores e o quadro de pixels",
              "timedOut": null,
              "duration": 4374,
              "state": "failed",
              "speed": null,
              "pass": false,
              "fail": true,
              "pending": false,
              "context": null,
              "code": "cy.get('#color-palette').then(function (palette) {\n  cy.get('#board-size').should('be.belowOf', palette);\n});\ncy.get('#board-size').then(function (palette) {\n  cy.get('#pixel-board').should('be.belowOf', palette);\n});",
              "err": {
                "message": "CypressError: Timed out retrying: Expected to find element: '#board-size', but never found it.",
                "estack": "CypressError: Timed out retrying: Expected to find element: '#board-size', but never found it.\n    at cypressErr (http://localhost:38945/__cypress/runner/cypress_runner.js:149934:9)\n    at throwErr (http://localhost:38945/__cypress/runner/cypress_runner.js:149867:11)\n    at Object.throwErrByPath (http://localhost:38945/__cypress/runner/cypress_runner.js:149915:3)\n    at retry (http://localhost:38945/__cypress/runner/cypress_runner.js:144197:19)\n    at onFailFn (http://localhost:38945/__cypress/runner/cypress_runner.js:132448:16)\n    at tryCatcher (http://localhost:38945/__cypress/runner/cypress_runner.js:167415:23)\n    at Promise._settlePromiseFromHandler (http://localhost:38945/__cypress/runner/cypress_runner.js:165351:31)\n    at Promise._settlePromise (http://localhost:38945/__cypress/runner/cypress_runner.js:165408:18)\n    at Promise._settlePromise0 (http://localhost:38945/__cypress/runner/cypress_runner.js:165453:10)\n    at Promise._settlePromises (http://localhost:38945/__cypress/runner/cypress_runner.js:165528:18)\n    at Async../node_modules/bluebird/js/release/async.js.Async._drainQueue (http://localhost:38945/__cypress/runner/cypress_runner.js:162140:16)\n    at Async../node_modules/bluebird/js/release/async.js.Async._drainQueues (http://localhost:38945/__cypress/runner/cypress_runner.js:162150:10)\n    at Async.drainQueues (http://localhost:38945/__cypress/runner/cypress_runner.js:162024:14)",
                "diff": null
              },
              "uuid": "d7652008-7174-4d90-9ce3-9932b9342fd1",
              "parentUUID": "6e410a33-fd05-4d6d-a161-fd1b358d62dd",
              "isHook": false,
              "skipped": false
            },
            {
              "title": "Verifica se o botão está posicionado ao lado do input",
              "fullTitle": "10 - Faça o quadro de pixels ter seu tamanho definido pelo usuário. Verifica se o botão está posicionado ao lado do input",
              "timedOut": null,
              "duration": 4291,
              "state": "failed",
              "speed": null,
              "pass": false,
              "fail": true,
              "pending": false,
              "context": null,
              "code": "cy.get('#board-size').then(function (board) {\n  cy.get('#generate-board').should('be.onTheRightOf', board);\n});",
              "err": {
                "message": "CypressError: Timed out retrying: Expected to find element: '#board-size', but never found it.",
                "estack": "CypressError: Timed out retrying: Expected to find element: '#board-size', but never found it.\n    at cypressErr (http://localhost:38945/__cypress/runner/cypress_runner.js:149934:9)\n    at throwErr (http://localhost:38945/__cypress/runner/cypress_runner.js:149867:11)\n    at Object.throwErrByPath (http://localhost:38945/__cypress/runner/cypress_runner.js:149915:3)\n    at retry (http://localhost:38945/__cypress/runner/cypress_runner.js:144197:19)\n    at onFailFn (http://localhost:38945/__cypress/runner/cypress_runner.js:132448:16)\n    at tryCatcher (http://localhost:38945/__cypress/runner/cypress_runner.js:167415:23)\n    at Promise._settlePromiseFromHandler (http://localhost:38945/__cypress/runner/cypress_runner.js:165351:31)\n    at Promise._settlePromise (http://localhost:38945/__cypress/runner/cypress_runner.js:165408:18)\n    at Promise._settlePromise0 (http://localhost:38945/__cypress/runner/cypress_runner.js:165453:10)\n    at Promise._settlePromises (http://localhost:38945/__cypress/runner/cypress_runner.js:165528:18)\n    at Async../node_modules/bluebird/js/release/async.js.Async._drainQueue (http://localhost:38945/__cypress/runner/cypress_runner.js:162140:16)\n    at Async../node_modules/bluebird/js/release/async.js.Async._drainQueues (http://localhost:38945/__cypress/runner/cypress_runner.js:162150:10)\n    at Async.drainQueues (http://localhost:38945/__cypress/runner/cypress_runner.js:162024:14)",
                "diff": null
              },
              "uuid": "992bbb5f-6fd3-45e2-9754-c605d34be06e",
              "parentUUID": "6e410a33-fd05-4d6d-a161-fd1b358d62dd",
              "isHook": false,
              "skipped": false
            },
            {
              "title": "Verifica se nenhum valor for colocado no input ao clicar no botão, um `alert` é exibido com o texto: 'Board inválido!'",
              "fullTitle": "10 - Faça o quadro de pixels ter seu tamanho definido pelo usuário. Verifica se nenhum valor for colocado no input ao clicar no botão, um `alert` é exibido com o texto: 'Board inválido!'",
              "timedOut": null,
              "duration": 4333,
              "state": "failed",
              "speed": null,
              "pass": false,
              "fail": true,
              "pending": false,
              "context": null,
              "code": "var alerted = false;\ncy.on('window:alert', function (msg) {\n  return alerted = msg;\n});\ncy.get('#generate-board').click().then(function () {\n  return expect(alerted).to.match(/Board inválido!/i);\n});",
              "err": {
                "message": "CypressError: Timed out retrying: Expected to find element: '#generate-board', but never found it.",
                "estack": "CypressError: Timed out retrying: Expected to find element: '#generate-board', but never found it.\n    at cypressErr (http://localhost:38945/__cypress/runner/cypress_runner.js:149934:9)\n    at throwErr (http://localhost:38945/__cypress/runner/cypress_runner.js:149867:11)\n    at Object.throwErrByPath (http://localhost:38945/__cypress/runner/cypress_runner.js:149915:3)\n    at retry (http://localhost:38945/__cypress/runner/cypress_runner.js:144197:19)\n    at onFailFn (http://localhost:38945/__cypress/runner/cypress_runner.js:132448:16)\n    at tryCatcher (http://localhost:38945/__cypress/runner/cypress_runner.js:167415:23)\n    at Promise._settlePromiseFromHandler (http://localhost:38945/__cypress/runner/cypress_runner.js:165351:31)\n    at Promise._settlePromise (http://localhost:38945/__cypress/runner/cypress_runner.js:165408:18)\n    at Promise._settlePromise0 (http://localhost:38945/__cypress/runner/cypress_runner.js:165453:10)\n    at Promise._settlePromises (http://localhost:38945/__cypress/runner/cypress_runner.js:165528:18)\n    at Async../node_modules/bluebird/js/release/async.js.Async._drainQueue (http://localhost:38945/__cypress/runner/cypress_runner.js:162140:16)\n    at Async../node_modules/bluebird/js/release/async.js.Async._drainQueues (http://localhost:38945/__cypress/runner/cypress_runner.js:162150:10)\n    at Async.drainQueues (http://localhost:38945/__cypress/runner/cypress_runner.js:162024:14)",
                "diff": null
              },
              "uuid": "1357b996-0e03-4f56-b6f6-894c80a49a33",
              "parentUUID": "6e410a33-fd05-4d6d-a161-fd1b358d62dd",
              "isHook": false,
              "skipped": false
            },
            {
              "title": "Verifica se ao clicar no botão com um valor preenchido, o tamanho do board muda.",
              "fullTitle": "10 - Faça o quadro de pixels ter seu tamanho definido pelo usuário. Verifica se ao clicar no botão com um valor preenchido, o tamanho do board muda.",
              "timedOut": null,
              "duration": 4310,
              "state": "failed",
              "speed": null,
              "pass": false,
              "fail": true,
              "pending": false,
              "context": null,
              "code": "cy.get('#board-size').clear().type(10);\ncy.get('#generate-board').click();\ncy.get('.pixel').should('have.length', 100);",
              "err": {
                "message": "CypressError: Timed out retrying: Expected to find element: '#board-size', but never found it.",
                "estack": "CypressError: Timed out retrying: Expected to find element: '#board-size', but never found it.\n    at cypressErr (http://localhost:38945/__cypress/runner/cypress_runner.js:149934:9)\n    at throwErr (http://localhost:38945/__cypress/runner/cypress_runner.js:149867:11)\n    at Object.throwErrByPath (http://localhost:38945/__cypress/runner/cypress_runner.js:149915:3)\n    at retry (http://localhost:38945/__cypress/runner/cypress_runner.js:144197:19)\n    at onFailFn (http://localhost:38945/__cypress/runner/cypress_runner.js:132448:16)\n    at tryCatcher (http://localhost:38945/__cypress/runner/cypress_runner.js:167415:23)\n    at Promise._settlePromiseFromHandler (http://localhost:38945/__cypress/runner/cypress_runner.js:165351:31)\n    at Promise._settlePromise (http://localhost:38945/__cypress/runner/cypress_runner.js:165408:18)\n    at Promise._settlePromise0 (http://localhost:38945/__cypress/runner/cypress_runner.js:165453:10)\n    at Promise._settlePromises (http://localhost:38945/__cypress/runner/cypress_runner.js:165528:18)\n    at Async../node_modules/bluebird/js/release/async.js.Async._drainQueue (http://localhost:38945/__cypress/runner/cypress_runner.js:162140:16)\n    at Async../node_modules/bluebird/js/release/async.js.Async._drainQueues (http://localhost:38945/__cypress/runner/cypress_runner.js:162150:10)\n    at Async.drainQueues (http://localhost:38945/__cypress/runner/cypress_runner.js:162024:14)",
                "diff": null
              },
              "uuid": "f7ea2062-29e9-4efe-a4f8-d85dadeb455a",
              "parentUUID": "6e410a33-fd05-4d6d-a161-fd1b358d62dd",
              "isHook": false,
              "skipped": false
            },
            {
              "title": "Verifica se o novo quadro tem todos os pixels preenchidos com a cor branca",
              "fullTitle": "10 - Faça o quadro de pixels ter seu tamanho definido pelo usuário. Verifica se o novo quadro tem todos os pixels preenchidos com a cor branca",
              "timedOut": null,
              "duration": 4342,
              "state": "failed",
              "speed": null,
              "pass": false,
              "fail": true,
              "pending": false,
              "context": null,
              "code": "cy.get('#board-size').clear().type(6);\ncy.get('#generate-board').click();\ncy.get('.pixel').should('have.length', 36).each(function (pixel) {\n  expect(pixel).to.have.css('background-color', WHITE);\n});",
              "err": {
                "message": "CypressError: Timed out retrying: Expected to find element: '#board-size', but never found it.",
                "estack": "CypressError: Timed out retrying: Expected to find element: '#board-size', but never found it.\n    at cypressErr (http://localhost:38945/__cypress/runner/cypress_runner.js:149934:9)\n    at throwErr (http://localhost:38945/__cypress/runner/cypress_runner.js:149867:11)\n    at Object.throwErrByPath (http://localhost:38945/__cypress/runner/cypress_runner.js:149915:3)\n    at retry (http://localhost:38945/__cypress/runner/cypress_runner.js:144197:19)\n    at onFailFn (http://localhost:38945/__cypress/runner/cypress_runner.js:132448:16)\n    at tryCatcher (http://localhost:38945/__cypress/runner/cypress_runner.js:167415:23)\n    at Promise._settlePromiseFromHandler (http://localhost:38945/__cypress/runner/cypress_runner.js:165351:31)\n    at Promise._settlePromise (http://localhost:38945/__cypress/runner/cypress_runner.js:165408:18)\n    at Promise._settlePromise0 (http://localhost:38945/__cypress/runner/cypress_runner.js:165453:10)\n    at Promise._settlePromises (http://localhost:38945/__cypress/runner/cypress_runner.js:165528:18)\n    at Async../node_modules/bluebird/js/release/async.js.Async._drainQueue (http://localhost:38945/__cypress/runner/cypress_runner.js:162140:16)\n    at Async../node_modules/bluebird/js/release/async.js.Async._drainQueues (http://localhost:38945/__cypress/runner/cypress_runner.js:162150:10)\n    at Async.drainQueues (http://localhost:38945/__cypress/runner/cypress_runner.js:162024:14)",
                "diff": null
              },
              "uuid": "4935edd1-8c1f-466b-8d8e-2ad256e769c0",
              "parentUUID": "6e410a33-fd05-4d6d-a161-fd1b358d62dd",
              "isHook": false,
              "skipped": false
            }
          ],
          "suites": [],
          "passes": [],
          "failures": [
            "35382422-2230-4c25-bf2c-de203a86d52f",
            "d7c699e3-035a-4f66-b275-a83bdd867752",
            "ccfd2dbf-8375-4f78-b35e-5584bf17e8c6",
            "026991ba-04cb-4e27-b5c5-d64e4f7e2384",
            "d7652008-7174-4d90-9ce3-9932b9342fd1",
            "992bbb5f-6fd3-45e2-9754-c605d34be06e",
            "1357b996-0e03-4f56-b6f6-894c80a49a33",
            "f7ea2062-29e9-4efe-a4f8-d85dadeb455a",
            "4935edd1-8c1f-466b-8d8e-2ad256e769c0"
          ],
          "pending": [],
          "skipped": [],
          "duration": 38858,
          "root": false,
          "rootEmpty": false,
          "_timeout": 2000
        },
        {
          "uuid": "b4621bbb-6e3b-4e2d-bf47-a7e7a5447621",
          "title": "11 - Limite o tamanho mínimo e máximo do board.",
          "fullFile": "",
          "file": "",
          "beforeHooks": [],
          "afterHooks": [],
          "tests": [
            {
              "title": "Verifica se a altura máxima do board é 50",
              "fullTitle": "11 - Limite o tamanho mínimo e máximo do board. Verifica se a altura máxima do board é 50",
              "timedOut": null,
              "duration": 4329,
              "state": "failed",
              "speed": null,
              "pass": false,
              "fail": true,
              "pending": false,
              "context": null,
              "code": "cy.get('#board-size').clear().type(50);\ncy.get('#generate-board').click();\ncy.get('.pixel').should('have.length', 2500);",
              "err": {
                "message": "CypressError: Timed out retrying: Expected to find element: '#board-size', but never found it.",
                "estack": "CypressError: Timed out retrying: Expected to find element: '#board-size', but never found it.\n    at cypressErr (http://localhost:38945/__cypress/runner/cypress_runner.js:149934:9)\n    at throwErr (http://localhost:38945/__cypress/runner/cypress_runner.js:149867:11)\n    at Object.throwErrByPath (http://localhost:38945/__cypress/runner/cypress_runner.js:149915:3)\n    at retry (http://localhost:38945/__cypress/runner/cypress_runner.js:144197:19)\n    at onFailFn (http://localhost:38945/__cypress/runner/cypress_runner.js:132448:16)\n    at tryCatcher (http://localhost:38945/__cypress/runner/cypress_runner.js:167415:23)\n    at Promise._settlePromiseFromHandler (http://localhost:38945/__cypress/runner/cypress_runner.js:165351:31)\n    at Promise._settlePromise (http://localhost:38945/__cypress/runner/cypress_runner.js:165408:18)\n    at Promise._settlePromise0 (http://localhost:38945/__cypress/runner/cypress_runner.js:165453:10)\n    at Promise._settlePromises (http://localhost:38945/__cypress/runner/cypress_runner.js:165528:18)\n    at Async../node_modules/bluebird/js/release/async.js.Async._drainQueue (http://localhost:38945/__cypress/runner/cypress_runner.js:162140:16)\n    at Async../node_modules/bluebird/js/release/async.js.Async._drainQueues (http://localhost:38945/__cypress/runner/cypress_runner.js:162150:10)\n    at Async.drainQueues (http://localhost:38945/__cypress/runner/cypress_runner.js:162024:14)",
                "diff": null
              },
              "uuid": "ed5dbeee-525c-4eb1-a42d-752cbccbc948",
              "parentUUID": "b4621bbb-6e3b-4e2d-bf47-a7e7a5447621",
              "isHook": false,
              "skipped": false
            },
            {
              "title": "Verifica se a altura do board é 5 quando um valor menor é colocado no input",
              "fullTitle": "11 - Limite o tamanho mínimo e máximo do board. Verifica se a altura do board é 5 quando um valor menor é colocado no input",
              "timedOut": null,
              "duration": 4336,
              "state": "failed",
              "speed": null,
              "pass": false,
              "fail": true,
              "pending": false,
              "context": null,
              "code": "cy.get('#board-size').clear().type(4);\ncy.get('#generate-board').click();\ncy.get('.pixel').should('have.length', 25);",
              "err": {
                "message": "CypressError: Timed out retrying: Expected to find element: '#board-size', but never found it.",
                "estack": "CypressError: Timed out retrying: Expected to find element: '#board-size', but never found it.\n    at cypressErr (http://localhost:38945/__cypress/runner/cypress_runner.js:149934:9)\n    at throwErr (http://localhost:38945/__cypress/runner/cypress_runner.js:149867:11)\n    at Object.throwErrByPath (http://localhost:38945/__cypress/runner/cypress_runner.js:149915:3)\n    at retry (http://localhost:38945/__cypress/runner/cypress_runner.js:144197:19)\n    at onFailFn (http://localhost:38945/__cypress/runner/cypress_runner.js:132448:16)\n    at tryCatcher (http://localhost:38945/__cypress/runner/cypress_runner.js:167415:23)\n    at Promise._settlePromiseFromHandler (http://localhost:38945/__cypress/runner/cypress_runner.js:165351:31)\n    at Promise._settlePromise (http://localhost:38945/__cypress/runner/cypress_runner.js:165408:18)\n    at Promise._settlePromise0 (http://localhost:38945/__cypress/runner/cypress_runner.js:165453:10)\n    at Promise._settlePromises (http://localhost:38945/__cypress/runner/cypress_runner.js:165528:18)\n    at Async../node_modules/bluebird/js/release/async.js.Async._drainQueue (http://localhost:38945/__cypress/runner/cypress_runner.js:162140:16)\n    at Async../node_modules/bluebird/js/release/async.js.Async._drainQueues (http://localhost:38945/__cypress/runner/cypress_runner.js:162150:10)\n    at Async.drainQueues (http://localhost:38945/__cypress/runner/cypress_runner.js:162024:14)",
                "diff": null
              },
              "uuid": "bcdb6543-e8fe-4210-85bc-48c45a4b9860",
              "parentUUID": "b4621bbb-6e3b-4e2d-bf47-a7e7a5447621",
              "isHook": false,
              "skipped": false
            },
            {
              "title": "Verifica se a altura do board é 50 quando um valor maior é colocado no input",
              "fullTitle": "11 - Limite o tamanho mínimo e máximo do board. Verifica se a altura do board é 50 quando um valor maior é colocado no input",
              "timedOut": null,
              "duration": 4344,
              "state": "failed",
              "speed": null,
              "pass": false,
              "fail": true,
              "pending": false,
              "context": null,
              "code": "cy.get('#board-size').clear().type(51);\ncy.get('#generate-board').click();\ncy.get('.pixel').should('have.length', 2500);",
              "err": {
                "message": "CypressError: Timed out retrying: Expected to find element: '#board-size', but never found it.",
                "estack": "CypressError: Timed out retrying: Expected to find element: '#board-size', but never found it.\n    at cypressErr (http://localhost:38945/__cypress/runner/cypress_runner.js:149934:9)\n    at throwErr (http://localhost:38945/__cypress/runner/cypress_runner.js:149867:11)\n    at Object.throwErrByPath (http://localhost:38945/__cypress/runner/cypress_runner.js:149915:3)\n    at retry (http://localhost:38945/__cypress/runner/cypress_runner.js:144197:19)\n    at onFailFn (http://localhost:38945/__cypress/runner/cypress_runner.js:132448:16)\n    at tryCatcher (http://localhost:38945/__cypress/runner/cypress_runner.js:167415:23)\n    at Promise._settlePromiseFromHandler (http://localhost:38945/__cypress/runner/cypress_runner.js:165351:31)\n    at Promise._settlePromise (http://localhost:38945/__cypress/runner/cypress_runner.js:165408:18)\n    at Promise._settlePromise0 (http://localhost:38945/__cypress/runner/cypress_runner.js:165453:10)\n    at Promise._settlePromises (http://localhost:38945/__cypress/runner/cypress_runner.js:165528:18)\n    at Async../node_modules/bluebird/js/release/async.js.Async._drainQueue (http://localhost:38945/__cypress/runner/cypress_runner.js:162140:16)\n    at Async../node_modules/bluebird/js/release/async.js.Async._drainQueues (http://localhost:38945/__cypress/runner/cypress_runner.js:162150:10)\n    at Async.drainQueues (http://localhost:38945/__cypress/runner/cypress_runner.js:162024:14)",
                "diff": null
              },
              "uuid": "ec879415-366f-4690-977a-4c55ade8872c",
              "parentUUID": "b4621bbb-6e3b-4e2d-bf47-a7e7a5447621",
              "isHook": false,
              "skipped": false
            }
          ],
          "suites": [],
          "passes": [],
          "failures": [
            "ed5dbeee-525c-4eb1-a42d-752cbccbc948",
            "bcdb6543-e8fe-4210-85bc-48c45a4b9860",
            "ec879415-366f-4690-977a-4c55ade8872c"
          ],
          "pending": [],
          "skipped": [],
          "duration": 13009,
          "root": false,
          "rootEmpty": false,
          "_timeout": 2000
        },
        {
          "uuid": "d5063ddb-7188-4bed-babd-5ad57a60490c",
          "title": "12 - Faça com que as cores da paleta sejam geradas aleatoriamente ao carregar a página.",
          "fullFile": "",
          "file": "",
          "beforeHooks": [],
          "afterHooks": [],
          "tests": [
            {
              "title": "Verifica se as cores geradas na paleta são diferentes a cada carregamento da página",
              "fullTitle": "12 - Faça com que as cores da paleta sejam geradas aleatoriamente ao carregar a página. Verifica se as cores geradas na paleta são diferentes a cada carregamento da página",
              "timedOut": null,
              "duration": 462,
              "state": "failed",
              "speed": null,
              "pass": false,
              "fail": true,
              "pending": false,
              "context": null,
              "code": "cy.get('.color').then(function (colors) {\n  var currentColors;\n  var previousColors;\n  previousColors = Array.from(colors).map(function (color) {\n    return Cypress.$(color).css('background-color');\n  });\n  for (var i = 0; i < 5; i += 1) {\n    cy.reload();\n    cy.get('.color').then(function (colors) {\n      currentColors = Array.from(colors).map(function (color) {\n        return Cypress.$(color).css('background-color');\n      });\n      expect(currentColors).not.to.deep.equal(previousColors);\n      previousColors = currentColors;\n    });\n  }\n});",
              "err": {
                "message": "AssertionError: expected [ Array(4) ] to not deeply equal [ Array(4) ]",
                "estack": "AssertionError: expected [ Array(4) ] to not deeply equal [ Array(4) ]\n    at getRet (http://localhost:38945/__cypress/runner/cypress_runner.js:136585:16)\n    at tryCatcher (http://localhost:38945/__cypress/runner/cypress_runner.js:167415:23)\n    at Function.Promise.attempt.Promise.try (http://localhost:38945/__cypress/runner/cypress_runner.js:164690:29)\n    at Context.thenFn (http://localhost:38945/__cypress/runner/cypress_runner.js:136599:23)\n    at Context.then (http://localhost:38945/__cypress/runner/cypress_runner.js:136971:21)\n    at Context.<anonymous> (http://localhost:38945/__cypress/runner/cypress_runner.js:148875:21)\n    at http://localhost:38945/__cypress/runner/cypress_runner.js:148351:33\n    at tryCatcher (http://localhost:38945/__cypress/runner/cypress_runner.js:167415:23)\n    at Promise._settlePromiseFromHandler (http://localhost:38945/__cypress/runner/cypress_runner.js:165351:31)\n    at Promise._settlePromise (http://localhost:38945/__cypress/runner/cypress_runner.js:165408:18)\n    at Promise._settlePromiseCtx (http://localhost:38945/__cypress/runner/cypress_runner.js:165445:10)\n    at Async../node_modules/bluebird/js/release/async.js.Async._drainQueue (http://localhost:38945/__cypress/runner/cypress_runner.js:162145:12)\n    at Async../node_modules/bluebird/js/release/async.js.Async._drainQueues (http://localhost:38945/__cypress/runner/cypress_runner.js:162150:10)\n    at Async.drainQueues (http://localhost:38945/__cypress/runner/cypress_runner.js:162024:14)",
                "diff": ""
              },
              "uuid": "4378d2e2-7798-4820-99db-36d1251f1825",
              "parentUUID": "d5063ddb-7188-4bed-babd-5ad57a60490c",
              "isHook": false,
              "skipped": false
            },
            {
              "title": "Verifica se a cor preta ainda está presente e é a primeira na sua paleta de cores",
              "fullTitle": "12 - Faça com que as cores da paleta sejam geradas aleatoriamente ao carregar a página. Verifica se a cor preta ainda está presente e é a primeira na sua paleta de cores",
              "timedOut": null,
              "duration": 337,
              "state": "failed",
              "speed": null,
              "pass": false,
              "fail": true,
              "pending": false,
              "context": null,
              "code": "cy.get('.color').then(function (colors) {\n  var currentColors;\n  var previousColors;\n  previousColors = Array.from(colors).map(function (color) {\n    return Cypress.$(color).css('background-color');\n  });\n  expect(previousColors[0]).to.eq(BLACK);\n  for (var i = 0; i < 5; i += 1) {\n    cy.reload();\n    cy.get('.color').then(function (colors) {\n      currentColors = Array.from(colors).map(function (color) {\n        return Cypress.$(color).css('background-color');\n      });\n      expect(currentColors[0]).to.eq(BLACK);\n      expect(currentColors).not.to.deep.equal(previousColors);\n      previousColors = currentColors;\n    });\n  }\n});",
              "err": {
                "message": "AssertionError: expected [ Array(4) ] to not deeply equal [ Array(4) ]",
                "estack": "AssertionError: expected [ Array(4) ] to not deeply equal [ Array(4) ]\n    at getRet (http://localhost:38945/__cypress/runner/cypress_runner.js:136585:16)\n    at tryCatcher (http://localhost:38945/__cypress/runner/cypress_runner.js:167415:23)\n    at Function.Promise.attempt.Promise.try (http://localhost:38945/__cypress/runner/cypress_runner.js:164690:29)\n    at Context.thenFn (http://localhost:38945/__cypress/runner/cypress_runner.js:136599:23)\n    at Context.then (http://localhost:38945/__cypress/runner/cypress_runner.js:136971:21)\n    at Context.<anonymous> (http://localhost:38945/__cypress/runner/cypress_runner.js:148875:21)\n    at http://localhost:38945/__cypress/runner/cypress_runner.js:148351:33\n    at tryCatcher (http://localhost:38945/__cypress/runner/cypress_runner.js:167415:23)\n    at Promise._settlePromiseFromHandler (http://localhost:38945/__cypress/runner/cypress_runner.js:165351:31)\n    at Promise._settlePromise (http://localhost:38945/__cypress/runner/cypress_runner.js:165408:18)\n    at Promise._settlePromiseCtx (http://localhost:38945/__cypress/runner/cypress_runner.js:165445:10)\n    at Async../node_modules/bluebird/js/release/async.js.Async._drainQueue (http://localhost:38945/__cypress/runner/cypress_runner.js:162145:12)\n    at Async../node_modules/bluebird/js/release/async.js.Async._drainQueues (http://localhost:38945/__cypress/runner/cypress_runner.js:162150:10)\n    at Async.drainQueues (http://localhost:38945/__cypress/runner/cypress_runner.js:162024:14)",
                "diff": ""
              },
              "uuid": "6da0925c-4bcb-41f9-8e87-c5bc4e5a2852",
              "parentUUID": "d5063ddb-7188-4bed-babd-5ad57a60490c",
              "isHook": false,
              "skipped": false
            }
          ],
          "suites": [],
          "passes": [],
          "failures": [
            "4378d2e2-7798-4820-99db-36d1251f1825",
            "6da0925c-4bcb-41f9-8e87-c5bc4e5a2852"
          ],
          "pending": [],
          "skipped": [],
          "duration": 799,
          "root": false,
          "rootEmpty": false,
          "_timeout": 2000
        }
      ],
      "passes": [],
      "failures": [],
      "pending": [],
      "skipped": [],
      "duration": 0,
      "root": true,
      "rootEmpty": true,
      "_timeout": 2000
    }
  ],
  "meta": {
    "mocha": {
      "version": "7.0.1"
    },
    "mochawesome": {
      "options": {
        "quiet": false,
        "reportFilename": "mochawesome",
        "saveHtml": false,
        "saveJson": true,
        "consoleReporter": "spec",
        "useInlineDiffs": false
      },
      "version": "4.1.0"
    },
    "marge": {
      "options": {
        "id": "default",
        "reportDir": "cypress/reports",
        "overwrite": true,
        "html": false,
        "json": true
      },
      "version": "4.1.0"
    }
  }
}