{
  "stats": {
    "suites": 12,
    "tests": 41,
    "passes": 6,
    "pending": 0,
    "failures": 35,
    "start": "2021-12-11T23:21:09.140Z",
    "end": "2021-12-11T23:23:30.174Z",
    "duration": 141034,
    "testsRegistered": 41,
    "passPercent": 14.634146341463413,
    "pendingPercent": 0,
    "other": 0,
    "hasOther": false,
    "skipped": 0,
    "hasSkipped": false
  },
  "results": [
    {
      "uuid": "531b60f2-f5f8-4564-816e-ffdfd2ab30b4",
      "title": "",
      "fullFile": "cypress/integration/project.spec.js",
      "file": "cypress/integration/project.spec.js",
      "beforeHooks": [],
      "afterHooks": [],
      "tests": [],
      "suites": [
        {
          "uuid": "b0d64d6c-2a81-43da-9980-1cb528104652",
          "title": "1 - Adicione à página o título \"Paleta de Cores\".",
          "fullFile": "",
          "file": "",
          "beforeHooks": [],
          "afterHooks": [],
          "tests": [
            {
              "title": "Verifica se contém um elemento `h1` com o id `title` com o título correto",
              "fullTitle": "1 - Adicione à página o título \"Paleta de Cores\". Verifica se contém um elemento `h1` com o id `title` com o título correto",
              "timedOut": null,
              "duration": 213,
              "state": "passed",
              "speed": "slow",
              "pass": true,
              "fail": false,
              "pending": false,
              "context": null,
              "code": "cy.get('h1#title').should('contain.text', 'Paleta de Cores');",
              "err": {},
              "uuid": "383e6a8e-b77d-4d67-927e-ab3a76cb1fde",
              "parentUUID": "b0d64d6c-2a81-43da-9980-1cb528104652",
              "isHook": false,
              "skipped": false
            }
          ],
          "suites": [],
          "passes": [
            "383e6a8e-b77d-4d67-927e-ab3a76cb1fde"
          ],
          "failures": [],
          "pending": [],
          "skipped": [],
          "duration": 213,
          "root": false,
          "rootEmpty": false,
          "_timeout": 2000
        },
        {
          "uuid": "a0fc3d6c-1902-4cf5-8324-db6edc666492",
          "title": "2 - Adicione à página uma paleta de quatro cores distintas.",
          "fullFile": "",
          "file": "",
          "beforeHooks": [],
          "afterHooks": [],
          "tests": [
            {
              "title": "A paleta de cores deve ser um elemento com `id` denominado `color-palette`",
              "fullTitle": "2 - Adicione à página uma paleta de quatro cores distintas. A paleta de cores deve ser um elemento com `id` denominado `color-palette`",
              "timedOut": null,
              "duration": 178,
              "state": "passed",
              "speed": "slow",
              "pass": true,
              "fail": false,
              "pending": false,
              "context": null,
              "code": "cy.get('#color-palette').should('be.visible');\ncy.get('#color-palette').children('.color');",
              "err": {},
              "uuid": "e6d3c62a-c8af-4154-9050-f012b850c80f",
              "parentUUID": "a0fc3d6c-1902-4cf5-8324-db6edc666492",
              "isHook": false,
              "skipped": false
            },
            {
              "title": "Verifica se cada cor individual da paleta de cores possui a `classe` chamada `color`.",
              "fullTitle": "2 - Adicione à página uma paleta de quatro cores distintas. Verifica se cada cor individual da paleta de cores possui a `classe` chamada `color`.",
              "timedOut": null,
              "duration": 4225,
              "state": "failed",
              "speed": null,
              "pass": false,
              "fail": true,
              "pending": false,
              "context": null,
              "code": "cy.get('.color').should('have.length', 4).then(function (colors) {\n  for (var i = 0; i < colors.length; i++) {\n    cy.wrap(colors[i]).should('be.visible');\n  }\n});",
              "err": {
                "message": "CypressError: Timed out retrying: expected '<div.color>' to be 'visible'\n\nThis element '<div.color>' is not visible because it has an effective width and height of: '0 x 0' pixels.",
                "estack": "CypressError: Timed out retrying: expected '<div.color>' to be 'visible'\n\nThis element '<div.color>' is not visible because it has an effective width and height of: '0 x 0' pixels.\n    at cypressErr (http://localhost:38433/__cypress/runner/cypress_runner.js:149934:9)\n    at throwErr (http://localhost:38433/__cypress/runner/cypress_runner.js:149867:11)\n    at Object.throwErrByPath (http://localhost:38433/__cypress/runner/cypress_runner.js:149915:3)\n    at retry (http://localhost:38433/__cypress/runner/cypress_runner.js:144197:19)\n    at onFailFn (http://localhost:38433/__cypress/runner/cypress_runner.js:132448:16)\n    at tryCatcher (http://localhost:38433/__cypress/runner/cypress_runner.js:167415:23)\n    at Promise._settlePromiseFromHandler (http://localhost:38433/__cypress/runner/cypress_runner.js:165351:31)\n    at Promise._settlePromise (http://localhost:38433/__cypress/runner/cypress_runner.js:165408:18)\n    at Promise._settlePromise0 (http://localhost:38433/__cypress/runner/cypress_runner.js:165453:10)\n    at Promise._settlePromises (http://localhost:38433/__cypress/runner/cypress_runner.js:165528:18)\n    at Async../node_modules/bluebird/js/release/async.js.Async._drainQueue (http://localhost:38433/__cypress/runner/cypress_runner.js:162140:16)\n    at Async../node_modules/bluebird/js/release/async.js.Async._drainQueues (http://localhost:38433/__cypress/runner/cypress_runner.js:162150:10)\n    at Async.drainQueues (http://localhost:38433/__cypress/runner/cypress_runner.js:162024:14)",
                "diff": null
              },
              "uuid": "7c4d85ec-3d25-40a2-aba5-3f207750d2ed",
              "parentUUID": "a0fc3d6c-1902-4cf5-8324-db6edc666492",
              "isHook": false,
              "skipped": false
            },
            {
              "title": "Verifica se a cor de fundo de cada elemento da paleta é a cor que o elemento representa. **A única cor não permitida na paleta é a cor branca.**",
              "fullTitle": "2 - Adicione à página uma paleta de quatro cores distintas. Verifica se a cor de fundo de cada elemento da paleta é a cor que o elemento representa. **A única cor não permitida na paleta é a cor branca.**",
              "timedOut": null,
              "duration": 143,
              "state": "passed",
              "speed": "slow",
              "pass": true,
              "fail": false,
              "pending": false,
              "context": null,
              "code": "cy.get('.color').each(function (color) {\n  cy.wrap(color).should('have.class', 'color').and('not.have.css', 'background-color', WHITE);\n  cy.wrap(color).should('have.css', 'background-color');\n});",
              "err": {},
              "uuid": "3a47f4cd-e95b-42f3-8484-b7171183920c",
              "parentUUID": "a0fc3d6c-1902-4cf5-8324-db6edc666492",
              "isHook": false,
              "skipped": false
            },
            {
              "title": "Verifica se cada elemento da paleta de cores tem uma borda preta, sólida e com 1 pixel de largura;",
              "fullTitle": "2 - Adicione à página uma paleta de quatro cores distintas. Verifica se cada elemento da paleta de cores tem uma borda preta, sólida e com 1 pixel de largura;",
              "timedOut": null,
              "duration": 4220,
              "state": "failed",
              "speed": null,
              "pass": false,
              "fail": true,
              "pending": false,
              "context": null,
              "code": "cy.get('.color').each(function (color) {\n  cy.wrap(color).and('have.css', 'border', \"1px solid \".concat(BLACK)).and('have.class', 'color');\n});",
              "err": {
                "message": "CypressError: Timed out retrying: expected '<div.color>' to have CSS property 'border' with the value '1px solid rgb(0, 0, 0)', but the value was '0px none rgb(0, 0, 0)'",
                "estack": "CypressError: Timed out retrying: expected '<div.color>' to have CSS property 'border' with the value '1px solid rgb(0, 0, 0)', but the value was '0px none rgb(0, 0, 0)'\n    at cypressErr (http://localhost:38433/__cypress/runner/cypress_runner.js:149934:9)\n    at throwErr (http://localhost:38433/__cypress/runner/cypress_runner.js:149867:11)\n    at Object.throwErrByPath (http://localhost:38433/__cypress/runner/cypress_runner.js:149915:3)\n    at retry (http://localhost:38433/__cypress/runner/cypress_runner.js:144197:19)\n    at onFailFn (http://localhost:38433/__cypress/runner/cypress_runner.js:132448:16)\n    at tryCatcher (http://localhost:38433/__cypress/runner/cypress_runner.js:167415:23)\n    at Promise._settlePromiseFromHandler (http://localhost:38433/__cypress/runner/cypress_runner.js:165351:31)\n    at Promise._settlePromise (http://localhost:38433/__cypress/runner/cypress_runner.js:165408:18)\n    at Promise._settlePromise0 (http://localhost:38433/__cypress/runner/cypress_runner.js:165453:10)\n    at Promise._settlePromises (http://localhost:38433/__cypress/runner/cypress_runner.js:165528:18)\n    at Async../node_modules/bluebird/js/release/async.js.Async._drainQueue (http://localhost:38433/__cypress/runner/cypress_runner.js:162140:16)\n    at Async../node_modules/bluebird/js/release/async.js.Async._drainQueues (http://localhost:38433/__cypress/runner/cypress_runner.js:162150:10)\n    at Async.drainQueues (http://localhost:38433/__cypress/runner/cypress_runner.js:162024:14)",
                "diff": null
              },
              "uuid": "bf6e029f-3442-4897-a982-28c110e32d99",
              "parentUUID": "a0fc3d6c-1902-4cf5-8324-db6edc666492",
              "isHook": false,
              "skipped": false
            },
            {
              "title": "Verifica se a paleta lista todas as cores disponíveis para utilização, lado a lado.",
              "fullTitle": "2 - Adicione à página uma paleta de quatro cores distintas. Verifica se a paleta lista todas as cores disponíveis para utilização, lado a lado.",
              "timedOut": null,
              "duration": 145,
              "state": "passed",
              "speed": "slow",
              "pass": true,
              "fail": false,
              "pending": false,
              "context": null,
              "code": "cy.get('.color').then(function (colors) {\n  for (var index = 1; index < colors.length; index += 1) {\n    var currentColor = colors[index];\n    var previousColor = colors[index - 1];\n    cy.wrap(currentColor).should('be.onTheRightOf', previousColor).and('be.horizontallyAlignedWith', previousColor);\n  }\n});",
              "err": {},
              "uuid": "14595cec-91e3-49ba-b917-d073c8608b80",
              "parentUUID": "a0fc3d6c-1902-4cf5-8324-db6edc666492",
              "isHook": false,
              "skipped": false
            },
            {
              "title": "Verifica se a paleta de cores está posicionada abaixo do título 'Paleta de Cores'",
              "fullTitle": "2 - Adicione à página uma paleta de quatro cores distintas. Verifica se a paleta de cores está posicionada abaixo do título 'Paleta de Cores'",
              "timedOut": null,
              "duration": 108,
              "state": "passed",
              "speed": "slow",
              "pass": true,
              "fail": false,
              "pending": false,
              "context": null,
              "code": "cy.get('h1#title').then(function (title) {\n  cy.get('#color-palette').should('be.belowOf', title);\n});",
              "err": {},
              "uuid": "62bb98b4-6179-4d66-a981-9fffb48fdbbb",
              "parentUUID": "a0fc3d6c-1902-4cf5-8324-db6edc666492",
              "isHook": false,
              "skipped": false
            },
            {
              "title": "Verifica se a paleta de cores não contém cores repetidas.",
              "fullTitle": "2 - Adicione à página uma paleta de quatro cores distintas. Verifica se a paleta de cores não contém cores repetidas.",
              "timedOut": null,
              "duration": 263,
              "state": "failed",
              "speed": null,
              "pass": false,
              "fail": true,
              "pending": false,
              "context": null,
              "code": "cy.get('.color').then(function (colors) {\n  var allColors = Array.from(colors).map(function (color) {\n    return Cypress.$(color).css('background-color');\n  });\n  cy.log(allColors);\n  var uniqColors = (0, _toConsumableArray2[\"default\"])(new Set(allColors));\n  cy.log(uniqColors);\n  expect(allColors.length).to.eq(uniqColors.length);\n});",
              "err": {
                "message": "AssertionError: expected 4 to equal 1",
                "estack": "AssertionError: expected 4 to equal 1\n    at getRet (http://localhost:38433/__cypress/runner/cypress_runner.js:136585:16)\n    at tryCatcher (http://localhost:38433/__cypress/runner/cypress_runner.js:167415:23)\n    at Function.Promise.attempt.Promise.try (http://localhost:38433/__cypress/runner/cypress_runner.js:164690:29)\n    at Context.thenFn (http://localhost:38433/__cypress/runner/cypress_runner.js:136599:23)\n    at Context.then (http://localhost:38433/__cypress/runner/cypress_runner.js:136971:21)\n    at Context.<anonymous> (http://localhost:38433/__cypress/runner/cypress_runner.js:148875:21)\n    at http://localhost:38433/__cypress/runner/cypress_runner.js:148351:33\n    at tryCatcher (http://localhost:38433/__cypress/runner/cypress_runner.js:167415:23)\n    at Promise._settlePromiseFromHandler (http://localhost:38433/__cypress/runner/cypress_runner.js:165351:31)\n    at Promise._settlePromise (http://localhost:38433/__cypress/runner/cypress_runner.js:165408:18)\n    at Promise._settlePromiseCtx (http://localhost:38433/__cypress/runner/cypress_runner.js:165445:10)\n    at Async../node_modules/bluebird/js/release/async.js.Async._drainQueue (http://localhost:38433/__cypress/runner/cypress_runner.js:162145:12)\n    at Async../node_modules/bluebird/js/release/async.js.Async._drainQueues (http://localhost:38433/__cypress/runner/cypress_runner.js:162150:10)\n    at Async.drainQueues (http://localhost:38433/__cypress/runner/cypress_runner.js:162024:14)",
                "diff": "- 4\n+ 1\n"
              },
              "uuid": "a918bbfa-17aa-4a32-a808-f0e7a00fa7b7",
              "parentUUID": "a0fc3d6c-1902-4cf5-8324-db6edc666492",
              "isHook": false,
              "skipped": false
            }
          ],
          "suites": [],
          "passes": [
            "e6d3c62a-c8af-4154-9050-f012b850c80f",
            "3a47f4cd-e95b-42f3-8484-b7171183920c",
            "14595cec-91e3-49ba-b917-d073c8608b80",
            "62bb98b4-6179-4d66-a981-9fffb48fdbbb"
          ],
          "failures": [
            "7c4d85ec-3d25-40a2-aba5-3f207750d2ed",
            "bf6e029f-3442-4897-a982-28c110e32d99",
            "a918bbfa-17aa-4a32-a808-f0e7a00fa7b7"
          ],
          "pending": [],
          "skipped": [],
          "duration": 9282,
          "root": false,
          "rootEmpty": false,
          "_timeout": 2000
        },
        {
          "uuid": "6b48713e-cb95-463a-8f67-c78d8f930134",
          "title": "3 - Adicione a cor **preta** como a primeira cor da paleta de cores.",
          "fullFile": "",
          "file": "",
          "beforeHooks": [],
          "afterHooks": [],
          "tests": [
            {
              "title": "Verifica se a primeira cor da paleta é preta",
              "fullTitle": "3 - Adicione a cor **preta** como a primeira cor da paleta de cores. Verifica se a primeira cor da paleta é preta",
              "timedOut": null,
              "duration": 4200,
              "state": "failed",
              "speed": null,
              "pass": false,
              "fail": true,
              "pending": false,
              "context": null,
              "code": "cy.get('.color').first().should('have.css', 'background-color', BLACK);",
              "err": {
                "message": "CypressError: Timed out retrying: expected '<div.color>' to have CSS property 'background-color' with the value 'rgb(0, 0, 0)', but the value was 'rgba(0, 0, 0, 0)'",
                "estack": "CypressError: Timed out retrying: expected '<div.color>' to have CSS property 'background-color' with the value 'rgb(0, 0, 0)', but the value was 'rgba(0, 0, 0, 0)'\n    at cypressErr (http://localhost:38433/__cypress/runner/cypress_runner.js:149934:9)\n    at throwErr (http://localhost:38433/__cypress/runner/cypress_runner.js:149867:11)\n    at Object.throwErrByPath (http://localhost:38433/__cypress/runner/cypress_runner.js:149915:3)\n    at retry (http://localhost:38433/__cypress/runner/cypress_runner.js:144197:19)\n    at onFailFn (http://localhost:38433/__cypress/runner/cypress_runner.js:132448:16)\n    at tryCatcher (http://localhost:38433/__cypress/runner/cypress_runner.js:167415:23)\n    at Promise._settlePromiseFromHandler (http://localhost:38433/__cypress/runner/cypress_runner.js:165351:31)\n    at Promise._settlePromise (http://localhost:38433/__cypress/runner/cypress_runner.js:165408:18)\n    at Promise._settlePromise0 (http://localhost:38433/__cypress/runner/cypress_runner.js:165453:10)\n    at Promise._settlePromises (http://localhost:38433/__cypress/runner/cypress_runner.js:165528:18)\n    at Async../node_modules/bluebird/js/release/async.js.Async._drainQueue (http://localhost:38433/__cypress/runner/cypress_runner.js:162140:16)\n    at Async../node_modules/bluebird/js/release/async.js.Async._drainQueues (http://localhost:38433/__cypress/runner/cypress_runner.js:162150:10)\n    at Async.drainQueues (http://localhost:38433/__cypress/runner/cypress_runner.js:162024:14)",
                "diff": null
              },
              "uuid": "ce9aef6d-c61a-46cf-b4d9-4c436e495de6",
              "parentUUID": "6b48713e-cb95-463a-8f67-c78d8f930134",
              "isHook": false,
              "skipped": false
            },
            {
              "title": "Verifica se as demais cores podem ser escolhidas livremente.",
              "fullTitle": "3 - Adicione a cor **preta** como a primeira cor da paleta de cores. Verifica se as demais cores podem ser escolhidas livremente.",
              "timedOut": null,
              "duration": 4263,
              "state": "failed",
              "speed": null,
              "pass": false,
              "fail": true,
              "pending": false,
              "context": null,
              "code": "cy.get('.color').eq(1).should('not.have.css', 'background-color', BLACK);\ncy.get('.color').eq(1).should('not.have.css', 'background-color', WHITE);\ncy.get('.color').eq(1).should('not.have.css', 'background-color', 'rgba(0, 0, 0, 0)');\ncy.get('.color').eq(1).should('have.css', 'background-color');\ncy.get('.color').eq(2).should('not.have.css', 'background-color', BLACK);\ncy.get('.color').eq(2).should('not.have.css', 'background-color', WHITE);\ncy.get('.color').eq(2).should('not.have.css', 'background-color', 'rgba(0, 0, 0, 0)');\ncy.get('.color').eq(2).should('have.css', 'background-color');\ncy.get('.color').eq(3).should('not.have.css', 'background-color', BLACK);\ncy.get('.color').eq(3).should('not.have.css', 'background-color', WHITE);\ncy.get('.color').eq(3).should('not.have.css', 'background-color', 'rgba(0, 0, 0, 0)');\ncy.get('.color').eq(3).should('have.css', 'background-color');",
              "err": {
                "message": "CypressError: Timed out retrying: expected '<div.color>' not to have CSS property 'background-color' with the value 'rgba(0, 0, 0, 0)', but the value was 'rgba(0, 0, 0, 0)'",
                "estack": "CypressError: Timed out retrying: expected '<div.color>' not to have CSS property 'background-color' with the value 'rgba(0, 0, 0, 0)', but the value was 'rgba(0, 0, 0, 0)'\n    at cypressErr (http://localhost:38433/__cypress/runner/cypress_runner.js:149934:9)\n    at throwErr (http://localhost:38433/__cypress/runner/cypress_runner.js:149867:11)\n    at Object.throwErrByPath (http://localhost:38433/__cypress/runner/cypress_runner.js:149915:3)\n    at retry (http://localhost:38433/__cypress/runner/cypress_runner.js:144197:19)\n    at onFailFn (http://localhost:38433/__cypress/runner/cypress_runner.js:132448:16)\n    at tryCatcher (http://localhost:38433/__cypress/runner/cypress_runner.js:167415:23)\n    at Promise._settlePromiseFromHandler (http://localhost:38433/__cypress/runner/cypress_runner.js:165351:31)\n    at Promise._settlePromise (http://localhost:38433/__cypress/runner/cypress_runner.js:165408:18)\n    at Promise._settlePromise0 (http://localhost:38433/__cypress/runner/cypress_runner.js:165453:10)\n    at Promise._settlePromises (http://localhost:38433/__cypress/runner/cypress_runner.js:165528:18)\n    at Async../node_modules/bluebird/js/release/async.js.Async._drainQueue (http://localhost:38433/__cypress/runner/cypress_runner.js:162140:16)\n    at Async../node_modules/bluebird/js/release/async.js.Async._drainQueues (http://localhost:38433/__cypress/runner/cypress_runner.js:162150:10)\n    at Async.drainQueues (http://localhost:38433/__cypress/runner/cypress_runner.js:162024:14)",
                "diff": null
              },
              "uuid": "db5f2a25-acfc-4356-bb24-d929e8be4559",
              "parentUUID": "6b48713e-cb95-463a-8f67-c78d8f930134",
              "isHook": false,
              "skipped": false
            }
          ],
          "suites": [],
          "passes": [],
          "failures": [
            "ce9aef6d-c61a-46cf-b4d9-4c436e495de6",
            "db5f2a25-acfc-4356-bb24-d929e8be4559"
          ],
          "pending": [],
          "skipped": [],
          "duration": 8463,
          "root": false,
          "rootEmpty": false,
          "_timeout": 2000
        },
        {
          "uuid": "a9a4e128-404c-4769-a2fe-ac78ef48db75",
          "title": "4 - Adicione à página um quadro de pixels, com 25 pixels.",
          "fullFile": "",
          "file": "",
          "beforeHooks": [],
          "afterHooks": [],
          "tests": [
            {
              "title": "Verifica se o quadro de pixels possui o `id` denominado `pixel-board`",
              "fullTitle": "4 - Adicione à página um quadro de pixels, com 25 pixels. Verifica se o quadro de pixels possui o `id` denominado `pixel-board`",
              "timedOut": null,
              "duration": 4311,
              "state": "failed",
              "speed": null,
              "pass": false,
              "fail": true,
              "pending": false,
              "context": null,
              "code": "cy.get('#pixel-board').should('be.visible');",
              "err": {
                "message": "CypressError: Timed out retrying: Expected to find element: '#pixel-board', but never found it.",
                "estack": "CypressError: Timed out retrying: Expected to find element: '#pixel-board', but never found it.\n    at cypressErr (http://localhost:38433/__cypress/runner/cypress_runner.js:149934:9)\n    at throwErr (http://localhost:38433/__cypress/runner/cypress_runner.js:149867:11)\n    at Object.throwErrByPath (http://localhost:38433/__cypress/runner/cypress_runner.js:149915:3)\n    at retry (http://localhost:38433/__cypress/runner/cypress_runner.js:144197:19)\n    at onFailFn (http://localhost:38433/__cypress/runner/cypress_runner.js:132448:16)\n    at tryCatcher (http://localhost:38433/__cypress/runner/cypress_runner.js:167415:23)\n    at Promise._settlePromiseFromHandler (http://localhost:38433/__cypress/runner/cypress_runner.js:165351:31)\n    at Promise._settlePromise (http://localhost:38433/__cypress/runner/cypress_runner.js:165408:18)\n    at Promise._settlePromise0 (http://localhost:38433/__cypress/runner/cypress_runner.js:165453:10)\n    at Promise._settlePromises (http://localhost:38433/__cypress/runner/cypress_runner.js:165528:18)\n    at Async../node_modules/bluebird/js/release/async.js.Async._drainQueue (http://localhost:38433/__cypress/runner/cypress_runner.js:162140:16)\n    at Async../node_modules/bluebird/js/release/async.js.Async._drainQueues (http://localhost:38433/__cypress/runner/cypress_runner.js:162150:10)\n    at Async.drainQueues (http://localhost:38433/__cypress/runner/cypress_runner.js:162024:14)",
                "diff": null
              },
              "uuid": "e1e47c4d-fa22-4f05-bd71-1fe337e5d800",
              "parentUUID": "a9a4e128-404c-4769-a2fe-ac78ef48db75",
              "isHook": false,
              "skipped": false
            },
            {
              "title": "Verifica se cada pixel individual dentro do quadro possui a `classe` denominada `pixel`.",
              "fullTitle": "4 - Adicione à página um quadro de pixels, com 25 pixels. Verifica se cada pixel individual dentro do quadro possui a `classe` denominada `pixel`.",
              "timedOut": null,
              "duration": 4341,
              "state": "failed",
              "speed": null,
              "pass": false,
              "fail": true,
              "pending": false,
              "context": null,
              "code": "cy.get('.pixel').should('have.length', 25);",
              "err": {
                "message": "CypressError: Timed out retrying: Expected to find element: '.pixel', but never found it.",
                "estack": "CypressError: Timed out retrying: Expected to find element: '.pixel', but never found it.\n    at cypressErr (http://localhost:38433/__cypress/runner/cypress_runner.js:149934:9)\n    at throwErr (http://localhost:38433/__cypress/runner/cypress_runner.js:149867:11)\n    at Object.throwErrByPath (http://localhost:38433/__cypress/runner/cypress_runner.js:149915:3)\n    at retry (http://localhost:38433/__cypress/runner/cypress_runner.js:144197:19)\n    at onFailFn (http://localhost:38433/__cypress/runner/cypress_runner.js:132448:16)\n    at tryCatcher (http://localhost:38433/__cypress/runner/cypress_runner.js:167415:23)\n    at Promise._settlePromiseFromHandler (http://localhost:38433/__cypress/runner/cypress_runner.js:165351:31)\n    at Promise._settlePromise (http://localhost:38433/__cypress/runner/cypress_runner.js:165408:18)\n    at Promise._settlePromise0 (http://localhost:38433/__cypress/runner/cypress_runner.js:165453:10)\n    at Promise._settlePromises (http://localhost:38433/__cypress/runner/cypress_runner.js:165528:18)\n    at Async../node_modules/bluebird/js/release/async.js.Async._drainQueue (http://localhost:38433/__cypress/runner/cypress_runner.js:162140:16)\n    at Async../node_modules/bluebird/js/release/async.js.Async._drainQueues (http://localhost:38433/__cypress/runner/cypress_runner.js:162150:10)\n    at Async.drainQueues (http://localhost:38433/__cypress/runner/cypress_runner.js:162024:14)",
                "diff": null
              },
              "uuid": "2fd869e4-e7f7-4f02-a449-d7f88568698f",
              "parentUUID": "a9a4e128-404c-4769-a2fe-ac78ef48db75",
              "isHook": false,
              "skipped": false
            },
            {
              "title": "Verifica se a cor inicial dos pixels dentro do quadro, ao abrir a página, é branca.",
              "fullTitle": "4 - Adicione à página um quadro de pixels, com 25 pixels. Verifica se a cor inicial dos pixels dentro do quadro, ao abrir a página, é branca.",
              "timedOut": null,
              "duration": 4398,
              "state": "failed",
              "speed": null,
              "pass": false,
              "fail": true,
              "pending": false,
              "context": null,
              "code": "cy.get('.pixel').should('have.length', 25).each(function (pixel) {\n  expect(pixel).to.have.css('background-color', WHITE);\n});",
              "err": {
                "message": "CypressError: Timed out retrying: Expected to find element: '.pixel', but never found it.",
                "estack": "CypressError: Timed out retrying: Expected to find element: '.pixel', but never found it.\n    at cypressErr (http://localhost:38433/__cypress/runner/cypress_runner.js:149934:9)\n    at throwErr (http://localhost:38433/__cypress/runner/cypress_runner.js:149867:11)\n    at Object.throwErrByPath (http://localhost:38433/__cypress/runner/cypress_runner.js:149915:3)\n    at retry (http://localhost:38433/__cypress/runner/cypress_runner.js:144197:19)\n    at onFailFn (http://localhost:38433/__cypress/runner/cypress_runner.js:132448:16)\n    at tryCatcher (http://localhost:38433/__cypress/runner/cypress_runner.js:167415:23)\n    at Promise._settlePromiseFromHandler (http://localhost:38433/__cypress/runner/cypress_runner.js:165351:31)\n    at Promise._settlePromise (http://localhost:38433/__cypress/runner/cypress_runner.js:165408:18)\n    at Promise._settlePromise0 (http://localhost:38433/__cypress/runner/cypress_runner.js:165453:10)\n    at Promise._settlePromises (http://localhost:38433/__cypress/runner/cypress_runner.js:165528:18)\n    at Async../node_modules/bluebird/js/release/async.js.Async._drainQueue (http://localhost:38433/__cypress/runner/cypress_runner.js:162140:16)\n    at Async../node_modules/bluebird/js/release/async.js.Async._drainQueues (http://localhost:38433/__cypress/runner/cypress_runner.js:162150:10)\n    at Async.drainQueues (http://localhost:38433/__cypress/runner/cypress_runner.js:162024:14)",
                "diff": null
              },
              "uuid": "a5f750a6-f050-4e6c-9c28-69098f287ba3",
              "parentUUID": "a9a4e128-404c-4769-a2fe-ac78ef48db75",
              "isHook": false,
              "skipped": false
            },
            {
              "title": "Verifica se o quadro de pixels aparece abaixo da paleta de cores",
              "fullTitle": "4 - Adicione à página um quadro de pixels, com 25 pixels. Verifica se o quadro de pixels aparece abaixo da paleta de cores",
              "timedOut": null,
              "duration": 4312,
              "state": "failed",
              "speed": null,
              "pass": false,
              "fail": true,
              "pending": false,
              "context": null,
              "code": "cy.get('#color-palette').then(function (palette) {\n  cy.get('#pixel-board').should('be.belowOf', palette);\n});",
              "err": {
                "message": "CypressError: Timed out retrying: Expected to find element: '#pixel-board', but never found it.",
                "estack": "CypressError: Timed out retrying: Expected to find element: '#pixel-board', but never found it.\n    at cypressErr (http://localhost:38433/__cypress/runner/cypress_runner.js:149934:9)\n    at throwErr (http://localhost:38433/__cypress/runner/cypress_runner.js:149867:11)\n    at Object.throwErrByPath (http://localhost:38433/__cypress/runner/cypress_runner.js:149915:3)\n    at retry (http://localhost:38433/__cypress/runner/cypress_runner.js:144197:19)\n    at onFailFn (http://localhost:38433/__cypress/runner/cypress_runner.js:132448:16)\n    at tryCatcher (http://localhost:38433/__cypress/runner/cypress_runner.js:167415:23)\n    at Promise._settlePromiseFromHandler (http://localhost:38433/__cypress/runner/cypress_runner.js:165351:31)\n    at Promise._settlePromise (http://localhost:38433/__cypress/runner/cypress_runner.js:165408:18)\n    at Promise._settlePromise0 (http://localhost:38433/__cypress/runner/cypress_runner.js:165453:10)\n    at Promise._settlePromises (http://localhost:38433/__cypress/runner/cypress_runner.js:165528:18)\n    at Async../node_modules/bluebird/js/release/async.js.Async._drainQueue (http://localhost:38433/__cypress/runner/cypress_runner.js:162140:16)\n    at Async../node_modules/bluebird/js/release/async.js.Async._drainQueues (http://localhost:38433/__cypress/runner/cypress_runner.js:162150:10)\n    at Async.drainQueues (http://localhost:38433/__cypress/runner/cypress_runner.js:162024:14)",
                "diff": null
              },
              "uuid": "e9cb6f84-0825-42be-b4e9-247d6c936dff",
              "parentUUID": "a9a4e128-404c-4769-a2fe-ac78ef48db75",
              "isHook": false,
              "skipped": false
            }
          ],
          "suites": [],
          "passes": [],
          "failures": [
            "e1e47c4d-fa22-4f05-bd71-1fe337e5d800",
            "2fd869e4-e7f7-4f02-a449-d7f88568698f",
            "a5f750a6-f050-4e6c-9c28-69098f287ba3",
            "e9cb6f84-0825-42be-b4e9-247d6c936dff"
          ],
          "pending": [],
          "skipped": [],
          "duration": 17362,
          "root": false,
          "rootEmpty": false,
          "_timeout": 2000
        },
        {
          "uuid": "66baab3a-93cd-4699-888b-1ae7c0178fb4",
          "title": "5 - Faça com que cada elemento do quadro de pixels possua 40 pixels de largura, 40 pixels de altura e seja delimitado por uma borda preta de 1 pixel.",
          "fullFile": "",
          "file": "",
          "beforeHooks": [],
          "afterHooks": [],
          "tests": [
            {
              "title": "Verifica se o quadro de pixels tem altura e comprimento de 5 elementos",
              "fullTitle": "5 - Faça com que cada elemento do quadro de pixels possua 40 pixels de largura, 40 pixels de altura e seja delimitado por uma borda preta de 1 pixel. Verifica se o quadro de pixels tem altura e comprimento de 5 elementos",
              "timedOut": null,
              "duration": 4265,
              "state": "failed",
              "speed": null,
              "pass": false,
              "fail": true,
              "pending": false,
              "context": null,
              "code": "cy.get('.pixel').should('have.length', 25).each(function (pixel) {\n  expect(pixel).to.have.css('background-color', WHITE);\n}).and(function (pixels) {\n  var rows = chunk(pixels, 5);\n  rows.forEach(function (row) {\n    for (var index = 1; index < row.length; index += 1) {\n      var current = pixels[index];\n      var previous = pixels[index - 1];\n      cy.wrap(current).should('be.onTheRightOf', previous).and('be.horizontallyAlignedWith', previous);\n    }\n  });\n  for (var index = 1; index < 5; index += 1) {\n    expect(pixels[index * 5]).to.be.belowOf(pixels[(index - 1) * 5]);\n  }\n});",
              "err": {
                "message": "CypressError: Timed out retrying: Expected to find element: '.pixel', but never found it.",
                "estack": "CypressError: Timed out retrying: Expected to find element: '.pixel', but never found it.\n    at cypressErr (http://localhost:38433/__cypress/runner/cypress_runner.js:149934:9)\n    at throwErr (http://localhost:38433/__cypress/runner/cypress_runner.js:149867:11)\n    at Object.throwErrByPath (http://localhost:38433/__cypress/runner/cypress_runner.js:149915:3)\n    at retry (http://localhost:38433/__cypress/runner/cypress_runner.js:144197:19)\n    at onFailFn (http://localhost:38433/__cypress/runner/cypress_runner.js:132448:16)\n    at tryCatcher (http://localhost:38433/__cypress/runner/cypress_runner.js:167415:23)\n    at Promise._settlePromiseFromHandler (http://localhost:38433/__cypress/runner/cypress_runner.js:165351:31)\n    at Promise._settlePromise (http://localhost:38433/__cypress/runner/cypress_runner.js:165408:18)\n    at Promise._settlePromise0 (http://localhost:38433/__cypress/runner/cypress_runner.js:165453:10)\n    at Promise._settlePromises (http://localhost:38433/__cypress/runner/cypress_runner.js:165528:18)\n    at Async../node_modules/bluebird/js/release/async.js.Async._drainQueue (http://localhost:38433/__cypress/runner/cypress_runner.js:162140:16)\n    at Async../node_modules/bluebird/js/release/async.js.Async._drainQueues (http://localhost:38433/__cypress/runner/cypress_runner.js:162150:10)\n    at Async.drainQueues (http://localhost:38433/__cypress/runner/cypress_runner.js:162024:14)",
                "diff": null
              },
              "uuid": "c682dc61-588f-481e-8ad8-3ef41188465b",
              "parentUUID": "66baab3a-93cd-4699-888b-1ae7c0178fb4",
              "isHook": false,
              "skipped": false
            },
            {
              "title": "Verifica se 40 pixels é o tamanho total do elemento, incluindo seu conteúdo e excluindo a borda preta, que deve ser criada à parte.",
              "fullTitle": "5 - Faça com que cada elemento do quadro de pixels possua 40 pixels de largura, 40 pixels de altura e seja delimitado por uma borda preta de 1 pixel. Verifica se 40 pixels é o tamanho total do elemento, incluindo seu conteúdo e excluindo a borda preta, que deve ser criada à parte.",
              "timedOut": null,
              "duration": 4294,
              "state": "failed",
              "speed": null,
              "pass": false,
              "fail": true,
              "pending": false,
              "context": null,
              "code": "cy.get('.pixel').each(function (pixel) {\n  cy.wrap(pixel).should('have.css', 'height', '40px').and('have.css', 'width', '40px').and('have.css', 'border', \"1px solid \".concat(BLACK));\n});",
              "err": {
                "message": "CypressError: Timed out retrying: Expected to find element: '.pixel', but never found it.",
                "estack": "CypressError: Timed out retrying: Expected to find element: '.pixel', but never found it.\n    at cypressErr (http://localhost:38433/__cypress/runner/cypress_runner.js:149934:9)\n    at throwErr (http://localhost:38433/__cypress/runner/cypress_runner.js:149867:11)\n    at Object.throwErrByPath (http://localhost:38433/__cypress/runner/cypress_runner.js:149915:3)\n    at retry (http://localhost:38433/__cypress/runner/cypress_runner.js:144197:19)\n    at onFailFn (http://localhost:38433/__cypress/runner/cypress_runner.js:132448:16)\n    at tryCatcher (http://localhost:38433/__cypress/runner/cypress_runner.js:167415:23)\n    at Promise._settlePromiseFromHandler (http://localhost:38433/__cypress/runner/cypress_runner.js:165351:31)\n    at Promise._settlePromise (http://localhost:38433/__cypress/runner/cypress_runner.js:165408:18)\n    at Promise._settlePromise0 (http://localhost:38433/__cypress/runner/cypress_runner.js:165453:10)\n    at Promise._settlePromises (http://localhost:38433/__cypress/runner/cypress_runner.js:165528:18)\n    at Async../node_modules/bluebird/js/release/async.js.Async._drainQueue (http://localhost:38433/__cypress/runner/cypress_runner.js:162140:16)\n    at Async../node_modules/bluebird/js/release/async.js.Async._drainQueues (http://localhost:38433/__cypress/runner/cypress_runner.js:162150:10)\n    at Async.drainQueues (http://localhost:38433/__cypress/runner/cypress_runner.js:162024:14)",
                "diff": null
              },
              "uuid": "7afa21e7-6570-41e9-af98-fac1fc384e98",
              "parentUUID": "66baab3a-93cd-4699-888b-1ae7c0178fb4",
              "isHook": false,
              "skipped": false
            }
          ],
          "suites": [],
          "passes": [],
          "failures": [
            "c682dc61-588f-481e-8ad8-3ef41188465b",
            "7afa21e7-6570-41e9-af98-fac1fc384e98"
          ],
          "pending": [],
          "skipped": [],
          "duration": 8559,
          "root": false,
          "rootEmpty": false,
          "_timeout": 2000
        },
        {
          "uuid": "f186c2f6-0a4f-47df-92c2-33336935b72f",
          "title": "6 - Defina a cor preta como cor inicial. Ao carregar a página a cor preta já deve estar selecionada para pintar os pixels",
          "fullFile": "",
          "file": "",
          "beforeHooks": [],
          "afterHooks": [],
          "tests": [
            {
              "title": "Verifica se o elemento da cor preta possui, inicialmente, a `classe` `selected`",
              "fullTitle": "6 - Defina a cor preta como cor inicial. Ao carregar a página a cor preta já deve estar selecionada para pintar os pixels Verifica se o elemento da cor preta possui, inicialmente, a `classe` `selected`",
              "timedOut": null,
              "duration": 4244,
              "state": "failed",
              "speed": null,
              "pass": false,
              "fail": true,
              "pending": false,
              "context": null,
              "code": "cy.get('.selected').first().should('have.css', 'background-color', BLACK);",
              "err": {
                "message": "CypressError: Timed out retrying: Expected to find element: '.selected', but never found it.",
                "estack": "CypressError: Timed out retrying: Expected to find element: '.selected', but never found it.\n    at cypressErr (http://localhost:38433/__cypress/runner/cypress_runner.js:149934:9)\n    at throwErr (http://localhost:38433/__cypress/runner/cypress_runner.js:149867:11)\n    at Object.throwErrByPath (http://localhost:38433/__cypress/runner/cypress_runner.js:149915:3)\n    at retry (http://localhost:38433/__cypress/runner/cypress_runner.js:144197:19)\n    at onFailFn (http://localhost:38433/__cypress/runner/cypress_runner.js:132448:16)\n    at tryCatcher (http://localhost:38433/__cypress/runner/cypress_runner.js:167415:23)\n    at Promise._settlePromiseFromHandler (http://localhost:38433/__cypress/runner/cypress_runner.js:165351:31)\n    at Promise._settlePromise (http://localhost:38433/__cypress/runner/cypress_runner.js:165408:18)\n    at Promise._settlePromise0 (http://localhost:38433/__cypress/runner/cypress_runner.js:165453:10)\n    at Promise._settlePromises (http://localhost:38433/__cypress/runner/cypress_runner.js:165528:18)\n    at Async../node_modules/bluebird/js/release/async.js.Async._drainQueue (http://localhost:38433/__cypress/runner/cypress_runner.js:162140:16)\n    at Async../node_modules/bluebird/js/release/async.js.Async._drainQueues (http://localhost:38433/__cypress/runner/cypress_runner.js:162150:10)\n    at Async.drainQueues (http://localhost:38433/__cypress/runner/cypress_runner.js:162024:14)",
                "diff": null
              },
              "uuid": "88d61936-94ca-4362-ba71-cbdc64a6c1cc",
              "parentUUID": "f186c2f6-0a4f-47df-92c2-33336935b72f",
              "isHook": false,
              "skipped": false
            },
            {
              "title": "Verifica se nenhuma outra cor da paleta tem a `classe` `selected`",
              "fullTitle": "6 - Defina a cor preta como cor inicial. Ao carregar a página a cor preta já deve estar selecionada para pintar os pixels Verifica se nenhuma outra cor da paleta tem a `classe` `selected`",
              "timedOut": null,
              "duration": 134,
              "state": "passed",
              "speed": "slow",
              "pass": true,
              "fail": false,
              "pending": false,
              "context": null,
              "code": "cy.get('.color:not(:first-child)').each(function (color) {\n  cy.wrap(color).should('not.have.class', 'selected');\n});",
              "err": {},
              "uuid": "4ce0c86a-2451-4dd7-956b-fe1040dc0a5d",
              "parentUUID": "f186c2f6-0a4f-47df-92c2-33336935b72f",
              "isHook": false,
              "skipped": false
            }
          ],
          "suites": [],
          "passes": [
            "4ce0c86a-2451-4dd7-956b-fe1040dc0a5d"
          ],
          "failures": [
            "88d61936-94ca-4362-ba71-cbdc64a6c1cc"
          ],
          "pending": [],
          "skipped": [],
          "duration": 4378,
          "root": false,
          "rootEmpty": false,
          "_timeout": 2000
        },
        {
          "uuid": "f4e6c975-6b4b-42f4-b963-3614ee6db872",
          "title": "7 - Clicar em uma das cores da paleta, faz com que ela seja selecionada e utilizada para preencher os pixels no quadro.",
          "fullFile": "",
          "file": "",
          "beforeHooks": [],
          "afterHooks": [],
          "tests": [
            {
              "title": "Verifica se somente uma cor da paleta de cores tem a classe `selected` de cada vez",
              "fullTitle": "7 - Clicar em uma das cores da paleta, faz com que ela seja selecionada e utilizada para preencher os pixels no quadro. Verifica se somente uma cor da paleta de cores tem a classe `selected` de cada vez",
              "timedOut": null,
              "duration": 4289,
              "state": "failed",
              "speed": null,
              "pass": false,
              "fail": true,
              "pending": false,
              "context": null,
              "code": "cy.get('.color').each(function (selectedColor, selectedColorIndex) {\n  cy.wrap(selectedColor).click();\n  cy.get('.color').each(function (color, colorIndex) {\n    if (colorIndex === selectedColorIndex) {\n      expect(color).to.have[\"class\"]('selected');\n    } else {\n      expect(color).not.to.have[\"class\"]('selected');\n    }\n  });\n});",
              "err": {
                "message": "CypressError: Timed out retrying: cy.click() failed because this element is not visible:\n\n<div class=\"color\"></div>\n\nThis element '<div.color>' is not visible because it has an effective width and height of: '0 x 0' pixels.\n\nFix this problem, or use {force: true} to disable error checking.\n\nhttps://on.cypress.io/element-cannot-be-interacted-with",
                "estack": "CypressError: Timed out retrying: cy.click() failed because this element is not visible:\n\n<div class=\"color\"></div>\n\nThis element '<div.color>' is not visible because it has an effective width and height of: '0 x 0' pixels.\n\nFix this problem, or use {force: true} to disable error checking.\n\nhttps://on.cypress.io/element-cannot-be-interacted-with\n    at cypressErr (http://localhost:38433/__cypress/runner/cypress_runner.js:149934:9)\n    at throwErr (http://localhost:38433/__cypress/runner/cypress_runner.js:149867:11)\n    at Object.throwErrByPath (http://localhost:38433/__cypress/runner/cypress_runner.js:149915:3)\n    at Object.retry (http://localhost:38433/__cypress/runner/cypress_runner.js:144197:19)\n    at retryActionability (http://localhost:38433/__cypress/runner/cypress_runner.js:132052:19)\n    at tryCatcher (http://localhost:38433/__cypress/runner/cypress_runner.js:167415:23)\n    at Function.Promise.attempt.Promise.try (http://localhost:38433/__cypress/runner/cypress_runner.js:164690:29)\n    at tryFn (http://localhost:38433/__cypress/runner/cypress_runner.js:144661:21)\n    at whenStable (http://localhost:38433/__cypress/runner/cypress_runner.js:144696:12)\n    at http://localhost:38433/__cypress/runner/cypress_runner.js:144240:16\n    at tryCatcher (http://localhost:38433/__cypress/runner/cypress_runner.js:167415:23)\n    at Promise._settlePromiseFromHandler (http://localhost:38433/__cypress/runner/cypress_runner.js:165351:31)\n    at Promise._settlePromise (http://localhost:38433/__cypress/runner/cypress_runner.js:165408:18)\n    at Promise._settlePromise0 (http://localhost:38433/__cypress/runner/cypress_runner.js:165453:10)\n    at Promise._settlePromises (http://localhost:38433/__cypress/runner/cypress_runner.js:165532:18)\n    at Promise._fulfill (http://localhost:38433/__cypress/runner/cypress_runner.js:165477:18)",
                "diff": null
              },
              "uuid": "8d0430c8-e5eb-4697-ae28-183bcb658c2a",
              "parentUUID": "f4e6c975-6b4b-42f4-b963-3614ee6db872",
              "isHook": false,
              "skipped": false
            },
            {
              "title": "Verifica se os pixels dentro do quadro não têm a classe `selected` quando são clicados",
              "fullTitle": "7 - Clicar em uma das cores da paleta, faz com que ela seja selecionada e utilizada para preencher os pixels no quadro. Verifica se os pixels dentro do quadro não têm a classe `selected` quando são clicados",
              "timedOut": null,
              "duration": 4336,
              "state": "failed",
              "speed": null,
              "pass": false,
              "fail": true,
              "pending": false,
              "context": null,
              "code": "cy.get('.color').each(function (color) {\n  var backgroundColor = color.css('background-color');\n  cy.wrap(color).click();\n  cy.get('.pixel').each(function (pixel) {\n    cy.wrap(pixel).click().should('not.have.class', 'selected');\n  });\n});",
              "err": {
                "message": "CypressError: Timed out retrying: cy.click() failed because this element is not visible:\n\n<div class=\"color\"></div>\n\nThis element '<div.color>' is not visible because it has an effective width and height of: '0 x 0' pixels.\n\nFix this problem, or use {force: true} to disable error checking.\n\nhttps://on.cypress.io/element-cannot-be-interacted-with",
                "estack": "CypressError: Timed out retrying: cy.click() failed because this element is not visible:\n\n<div class=\"color\"></div>\n\nThis element '<div.color>' is not visible because it has an effective width and height of: '0 x 0' pixels.\n\nFix this problem, or use {force: true} to disable error checking.\n\nhttps://on.cypress.io/element-cannot-be-interacted-with\n    at cypressErr (http://localhost:38433/__cypress/runner/cypress_runner.js:149934:9)\n    at throwErr (http://localhost:38433/__cypress/runner/cypress_runner.js:149867:11)\n    at Object.throwErrByPath (http://localhost:38433/__cypress/runner/cypress_runner.js:149915:3)\n    at Object.retry (http://localhost:38433/__cypress/runner/cypress_runner.js:144197:19)\n    at retryActionability (http://localhost:38433/__cypress/runner/cypress_runner.js:132052:19)\n    at tryCatcher (http://localhost:38433/__cypress/runner/cypress_runner.js:167415:23)\n    at Function.Promise.attempt.Promise.try (http://localhost:38433/__cypress/runner/cypress_runner.js:164690:29)\n    at tryFn (http://localhost:38433/__cypress/runner/cypress_runner.js:144661:21)\n    at whenStable (http://localhost:38433/__cypress/runner/cypress_runner.js:144696:12)\n    at http://localhost:38433/__cypress/runner/cypress_runner.js:144240:16\n    at tryCatcher (http://localhost:38433/__cypress/runner/cypress_runner.js:167415:23)\n    at Promise._settlePromiseFromHandler (http://localhost:38433/__cypress/runner/cypress_runner.js:165351:31)\n    at Promise._settlePromise (http://localhost:38433/__cypress/runner/cypress_runner.js:165408:18)\n    at Promise._settlePromise0 (http://localhost:38433/__cypress/runner/cypress_runner.js:165453:10)\n    at Promise._settlePromises (http://localhost:38433/__cypress/runner/cypress_runner.js:165532:18)\n    at Promise._fulfill (http://localhost:38433/__cypress/runner/cypress_runner.js:165477:18)",
                "diff": null
              },
              "uuid": "bbba3cc2-7d62-4f4b-8016-527c83ef5372",
              "parentUUID": "f4e6c975-6b4b-42f4-b963-3614ee6db872",
              "isHook": false,
              "skipped": false
            }
          ],
          "suites": [],
          "passes": [],
          "failures": [
            "8d0430c8-e5eb-4697-ae28-183bcb658c2a",
            "bbba3cc2-7d62-4f4b-8016-527c83ef5372"
          ],
          "pending": [],
          "skipped": [],
          "duration": 8625,
          "root": false,
          "rootEmpty": false,
          "_timeout": 2000
        },
        {
          "uuid": "ef978346-c7fb-4fa0-9b18-1e2adbf027f8",
          "title": "8 - Clicar em um pixel dentro do quadro após selecionar uma cor na paleta, faz com que o pixel seja preenchido com a cor selecionada.",
          "fullFile": "",
          "file": "",
          "beforeHooks": [],
          "afterHooks": [],
          "tests": [
            {
              "title": "Verifica se ao carregar a página deve ser possível pintar os pixels de preto",
              "fullTitle": "8 - Clicar em um pixel dentro do quadro após selecionar uma cor na paleta, faz com que o pixel seja preenchido com a cor selecionada. Verifica se ao carregar a página deve ser possível pintar os pixels de preto",
              "timedOut": null,
              "duration": 4284,
              "state": "failed",
              "speed": null,
              "pass": false,
              "fail": true,
              "pending": false,
              "context": null,
              "code": "cy.get('.pixel').each(function (pixel) {\n  cy.wrap(pixel).click().should('have.css', 'background-color', BLACK);\n});",
              "err": {
                "message": "CypressError: Timed out retrying: Expected to find element: '.pixel', but never found it.",
                "estack": "CypressError: Timed out retrying: Expected to find element: '.pixel', but never found it.\n    at cypressErr (http://localhost:38433/__cypress/runner/cypress_runner.js:149934:9)\n    at throwErr (http://localhost:38433/__cypress/runner/cypress_runner.js:149867:11)\n    at Object.throwErrByPath (http://localhost:38433/__cypress/runner/cypress_runner.js:149915:3)\n    at retry (http://localhost:38433/__cypress/runner/cypress_runner.js:144197:19)\n    at onFailFn (http://localhost:38433/__cypress/runner/cypress_runner.js:132448:16)\n    at tryCatcher (http://localhost:38433/__cypress/runner/cypress_runner.js:167415:23)\n    at Promise._settlePromiseFromHandler (http://localhost:38433/__cypress/runner/cypress_runner.js:165351:31)\n    at Promise._settlePromise (http://localhost:38433/__cypress/runner/cypress_runner.js:165408:18)\n    at Promise._settlePromise0 (http://localhost:38433/__cypress/runner/cypress_runner.js:165453:10)\n    at Promise._settlePromises (http://localhost:38433/__cypress/runner/cypress_runner.js:165528:18)\n    at Async../node_modules/bluebird/js/release/async.js.Async._drainQueue (http://localhost:38433/__cypress/runner/cypress_runner.js:162140:16)\n    at Async../node_modules/bluebird/js/release/async.js.Async._drainQueues (http://localhost:38433/__cypress/runner/cypress_runner.js:162150:10)\n    at Async.drainQueues (http://localhost:38433/__cypress/runner/cypress_runner.js:162024:14)",
                "diff": null
              },
              "uuid": "6495d5f5-59d3-40e2-b15f-b68fd886fa7f",
              "parentUUID": "ef978346-c7fb-4fa0-9b18-1e2adbf027f8",
              "isHook": false,
              "skipped": false
            },
            {
              "title": "Verifica se após selecionar uma outra cor na paleta, é possível pintar os pixels com essa cor",
              "fullTitle": "8 - Clicar em um pixel dentro do quadro após selecionar uma cor na paleta, faz com que o pixel seja preenchido com a cor selecionada. Verifica se após selecionar uma outra cor na paleta, é possível pintar os pixels com essa cor",
              "timedOut": null,
              "duration": 4421,
              "state": "failed",
              "speed": null,
              "pass": false,
              "fail": true,
              "pending": false,
              "context": null,
              "code": "cy.get('.color').each(function (color) {\n  var backgroundColor = color.css('background-color');\n  cy.wrap(color).click();\n  cy.get('.pixel').each(function (pixel) {\n    cy.wrap(pixel).click().should('have.css', 'background-color', backgroundColor);\n  });\n});",
              "err": {
                "message": "CypressError: Timed out retrying: cy.click() failed because this element is not visible:\n\n<div class=\"color\"></div>\n\nThis element '<div.color>' is not visible because it has an effective width and height of: '0 x 0' pixels.\n\nFix this problem, or use {force: true} to disable error checking.\n\nhttps://on.cypress.io/element-cannot-be-interacted-with",
                "estack": "CypressError: Timed out retrying: cy.click() failed because this element is not visible:\n\n<div class=\"color\"></div>\n\nThis element '<div.color>' is not visible because it has an effective width and height of: '0 x 0' pixels.\n\nFix this problem, or use {force: true} to disable error checking.\n\nhttps://on.cypress.io/element-cannot-be-interacted-with\n    at cypressErr (http://localhost:38433/__cypress/runner/cypress_runner.js:149934:9)\n    at throwErr (http://localhost:38433/__cypress/runner/cypress_runner.js:149867:11)\n    at Object.throwErrByPath (http://localhost:38433/__cypress/runner/cypress_runner.js:149915:3)\n    at Object.retry (http://localhost:38433/__cypress/runner/cypress_runner.js:144197:19)\n    at retryActionability (http://localhost:38433/__cypress/runner/cypress_runner.js:132052:19)\n    at tryCatcher (http://localhost:38433/__cypress/runner/cypress_runner.js:167415:23)\n    at Function.Promise.attempt.Promise.try (http://localhost:38433/__cypress/runner/cypress_runner.js:164690:29)\n    at tryFn (http://localhost:38433/__cypress/runner/cypress_runner.js:144661:21)\n    at whenStable (http://localhost:38433/__cypress/runner/cypress_runner.js:144696:12)\n    at http://localhost:38433/__cypress/runner/cypress_runner.js:144240:16\n    at tryCatcher (http://localhost:38433/__cypress/runner/cypress_runner.js:167415:23)\n    at Promise._settlePromiseFromHandler (http://localhost:38433/__cypress/runner/cypress_runner.js:165351:31)\n    at Promise._settlePromise (http://localhost:38433/__cypress/runner/cypress_runner.js:165408:18)\n    at Promise._settlePromise0 (http://localhost:38433/__cypress/runner/cypress_runner.js:165453:10)\n    at Promise._settlePromises (http://localhost:38433/__cypress/runner/cypress_runner.js:165532:18)\n    at Promise._fulfill (http://localhost:38433/__cypress/runner/cypress_runner.js:165477:18)",
                "diff": null
              },
              "uuid": "6dd2e640-1084-4388-8083-309b61ab02c2",
              "parentUUID": "ef978346-c7fb-4fa0-9b18-1e2adbf027f8",
              "isHook": false,
              "skipped": false
            },
            {
              "title": "Verifica se somente o pixel que foi clicado foi preenchido com a cor selecionada, sem influenciar na cor dos demais pixels.",
              "fullTitle": "8 - Clicar em um pixel dentro do quadro após selecionar uma cor na paleta, faz com que o pixel seja preenchido com a cor selecionada. Verifica se somente o pixel que foi clicado foi preenchido com a cor selecionada, sem influenciar na cor dos demais pixels.",
              "timedOut": null,
              "duration": 4406,
              "state": "failed",
              "speed": null,
              "pass": false,
              "fail": true,
              "pending": false,
              "context": null,
              "code": "var colorToPixelIndexMap = {\n  0: 6,\n  1: 8,\n  2: 16,\n  3: 18\n};\ncy.get('.color').each(function (color, index) {\n  cy.wrap(color).click();\n  var backgroundColor = color.css('background-color');\n  var clickedPixelIndex = colorToPixelIndexMap[index];\n  cy.get('.pixel').eq(clickedPixelIndex).click();\n  cy.get('.pixel').eq(clickedPixelIndex - 1).should('not.have.css', 'background-color', backgroundColor);\n  cy.get('.pixel').eq(clickedPixelIndex + 1).should('not.have.css', 'background-color', backgroundColor);\n  cy.get('.pixel').eq(clickedPixelIndex - 5).should('not.have.css', 'background-color', backgroundColor);\n  cy.get('.pixel').eq(clickedPixelIndex + 5).should('not.have.css', 'background-color', backgroundColor);\n  cy.get('.pixel').eq(clickedPixelIndex - 6).should('not.have.css', 'background-color', backgroundColor);\n  cy.get('.pixel').eq(clickedPixelIndex - 4).should('not.have.css', 'background-color', backgroundColor);\n  cy.get('.pixel').eq(clickedPixelIndex + 4).should('not.have.css', 'background-color', backgroundColor);\n  cy.get('.pixel').eq(clickedPixelIndex + 6).should('not.have.css', 'background-color', backgroundColor);\n});",
              "err": {
                "message": "CypressError: Timed out retrying: cy.click() failed because this element is not visible:\n\n<div class=\"color\"></div>\n\nThis element '<div.color>' is not visible because it has an effective width and height of: '0 x 0' pixels.\n\nFix this problem, or use {force: true} to disable error checking.\n\nhttps://on.cypress.io/element-cannot-be-interacted-with",
                "estack": "CypressError: Timed out retrying: cy.click() failed because this element is not visible:\n\n<div class=\"color\"></div>\n\nThis element '<div.color>' is not visible because it has an effective width and height of: '0 x 0' pixels.\n\nFix this problem, or use {force: true} to disable error checking.\n\nhttps://on.cypress.io/element-cannot-be-interacted-with\n    at cypressErr (http://localhost:38433/__cypress/runner/cypress_runner.js:149934:9)\n    at throwErr (http://localhost:38433/__cypress/runner/cypress_runner.js:149867:11)\n    at Object.throwErrByPath (http://localhost:38433/__cypress/runner/cypress_runner.js:149915:3)\n    at Object.retry (http://localhost:38433/__cypress/runner/cypress_runner.js:144197:19)\n    at retryActionability (http://localhost:38433/__cypress/runner/cypress_runner.js:132052:19)\n    at tryCatcher (http://localhost:38433/__cypress/runner/cypress_runner.js:167415:23)\n    at Function.Promise.attempt.Promise.try (http://localhost:38433/__cypress/runner/cypress_runner.js:164690:29)\n    at tryFn (http://localhost:38433/__cypress/runner/cypress_runner.js:144661:21)\n    at whenStable (http://localhost:38433/__cypress/runner/cypress_runner.js:144696:12)\n    at http://localhost:38433/__cypress/runner/cypress_runner.js:144240:16\n    at tryCatcher (http://localhost:38433/__cypress/runner/cypress_runner.js:167415:23)\n    at Promise._settlePromiseFromHandler (http://localhost:38433/__cypress/runner/cypress_runner.js:165351:31)\n    at Promise._settlePromise (http://localhost:38433/__cypress/runner/cypress_runner.js:165408:18)\n    at Promise._settlePromise0 (http://localhost:38433/__cypress/runner/cypress_runner.js:165453:10)\n    at Promise._settlePromises (http://localhost:38433/__cypress/runner/cypress_runner.js:165532:18)\n    at Promise._fulfill (http://localhost:38433/__cypress/runner/cypress_runner.js:165477:18)",
                "diff": null
              },
              "uuid": "baa48cad-f2f0-452e-b242-0fdd48387f0e",
              "parentUUID": "ef978346-c7fb-4fa0-9b18-1e2adbf027f8",
              "isHook": false,
              "skipped": false
            }
          ],
          "suites": [],
          "passes": [],
          "failures": [
            "6495d5f5-59d3-40e2-b15f-b68fd886fa7f",
            "6dd2e640-1084-4388-8083-309b61ab02c2",
            "baa48cad-f2f0-452e-b242-0fdd48387f0e"
          ],
          "pending": [],
          "skipped": [],
          "duration": 13111,
          "root": false,
          "rootEmpty": false,
          "_timeout": 2000
        },
        {
          "uuid": "63f73666-d85a-47b9-a296-1512b469dc77",
          "title": "9 - Crie um botão que, ao ser clicado, limpa o quadro preenchendo a cor de todos seus pixels com branco.",
          "fullFile": "",
          "file": "",
          "beforeHooks": [],
          "afterHooks": [],
          "tests": [
            {
              "title": "Verifica se o botão tem o `id` denominado `clear-board`",
              "fullTitle": "9 - Crie um botão que, ao ser clicado, limpa o quadro preenchendo a cor de todos seus pixels com branco. Verifica se o botão tem o `id` denominado `clear-board`",
              "timedOut": null,
              "duration": 4296,
              "state": "failed",
              "speed": null,
              "pass": false,
              "fail": true,
              "pending": false,
              "context": null,
              "code": "cy.get('#clear-board').should('be.visible');",
              "err": {
                "message": "CypressError: Timed out retrying: Expected to find element: '#clear-board', but never found it.",
                "estack": "CypressError: Timed out retrying: Expected to find element: '#clear-board', but never found it.\n    at cypressErr (http://localhost:38433/__cypress/runner/cypress_runner.js:149934:9)\n    at throwErr (http://localhost:38433/__cypress/runner/cypress_runner.js:149867:11)\n    at Object.throwErrByPath (http://localhost:38433/__cypress/runner/cypress_runner.js:149915:3)\n    at retry (http://localhost:38433/__cypress/runner/cypress_runner.js:144197:19)\n    at onFailFn (http://localhost:38433/__cypress/runner/cypress_runner.js:132448:16)\n    at tryCatcher (http://localhost:38433/__cypress/runner/cypress_runner.js:167415:23)\n    at Promise._settlePromiseFromHandler (http://localhost:38433/__cypress/runner/cypress_runner.js:165351:31)\n    at Promise._settlePromise (http://localhost:38433/__cypress/runner/cypress_runner.js:165408:18)\n    at Promise._settlePromise0 (http://localhost:38433/__cypress/runner/cypress_runner.js:165453:10)\n    at Promise._settlePromises (http://localhost:38433/__cypress/runner/cypress_runner.js:165528:18)\n    at Async../node_modules/bluebird/js/release/async.js.Async._drainQueue (http://localhost:38433/__cypress/runner/cypress_runner.js:162140:16)\n    at Async../node_modules/bluebird/js/release/async.js.Async._drainQueues (http://localhost:38433/__cypress/runner/cypress_runner.js:162150:10)\n    at Async.drainQueues (http://localhost:38433/__cypress/runner/cypress_runner.js:162024:14)",
                "diff": null
              },
              "uuid": "0247184e-7876-48cf-9e83-a7158a8d8d8c",
              "parentUUID": "63f73666-d85a-47b9-a296-1512b469dc77",
              "isHook": false,
              "skipped": false
            },
            {
              "title": "Verifica se o botão está posicionado entre a paleta de cores e o quadro de pixels",
              "fullTitle": "9 - Crie um botão que, ao ser clicado, limpa o quadro preenchendo a cor de todos seus pixels com branco. Verifica se o botão está posicionado entre a paleta de cores e o quadro de pixels",
              "timedOut": null,
              "duration": 4313,
              "state": "failed",
              "speed": null,
              "pass": false,
              "fail": true,
              "pending": false,
              "context": null,
              "code": "cy.get('#color-palette').then(function (palette) {\n  cy.get('#clear-board').should('be.belowOf', palette);\n});\ncy.get('#clear-board').then(function (clearBtn) {\n  cy.get('#pixel-board').should('be.belowOf', clearBtn);\n});",
              "err": {
                "message": "CypressError: Timed out retrying: Expected to find element: '#clear-board', but never found it.",
                "estack": "CypressError: Timed out retrying: Expected to find element: '#clear-board', but never found it.\n    at cypressErr (http://localhost:38433/__cypress/runner/cypress_runner.js:149934:9)\n    at throwErr (http://localhost:38433/__cypress/runner/cypress_runner.js:149867:11)\n    at Object.throwErrByPath (http://localhost:38433/__cypress/runner/cypress_runner.js:149915:3)\n    at retry (http://localhost:38433/__cypress/runner/cypress_runner.js:144197:19)\n    at onFailFn (http://localhost:38433/__cypress/runner/cypress_runner.js:132448:16)\n    at tryCatcher (http://localhost:38433/__cypress/runner/cypress_runner.js:167415:23)\n    at Promise._settlePromiseFromHandler (http://localhost:38433/__cypress/runner/cypress_runner.js:165351:31)\n    at Promise._settlePromise (http://localhost:38433/__cypress/runner/cypress_runner.js:165408:18)\n    at Promise._settlePromise0 (http://localhost:38433/__cypress/runner/cypress_runner.js:165453:10)\n    at Promise._settlePromises (http://localhost:38433/__cypress/runner/cypress_runner.js:165528:18)\n    at Async../node_modules/bluebird/js/release/async.js.Async._drainQueue (http://localhost:38433/__cypress/runner/cypress_runner.js:162140:16)\n    at Async../node_modules/bluebird/js/release/async.js.Async._drainQueues (http://localhost:38433/__cypress/runner/cypress_runner.js:162150:10)\n    at Async.drainQueues (http://localhost:38433/__cypress/runner/cypress_runner.js:162024:14)",
                "diff": null
              },
              "uuid": "36b28d89-0096-417b-8222-a2b0bc78ed8d",
              "parentUUID": "63f73666-d85a-47b9-a296-1512b469dc77",
              "isHook": false,
              "skipped": false
            },
            {
              "title": "Verifica se o texto do botão é 'Limpar'",
              "fullTitle": "9 - Crie um botão que, ao ser clicado, limpa o quadro preenchendo a cor de todos seus pixels com branco. Verifica se o texto do botão é 'Limpar'",
              "timedOut": null,
              "duration": 4326,
              "state": "failed",
              "speed": null,
              "pass": false,
              "fail": true,
              "pending": false,
              "context": null,
              "code": "cy.get('#clear-board').should('contain.text', 'Limpar');",
              "err": {
                "message": "CypressError: Timed out retrying: Expected to find element: '#clear-board', but never found it.",
                "estack": "CypressError: Timed out retrying: Expected to find element: '#clear-board', but never found it.\n    at cypressErr (http://localhost:38433/__cypress/runner/cypress_runner.js:149934:9)\n    at throwErr (http://localhost:38433/__cypress/runner/cypress_runner.js:149867:11)\n    at Object.throwErrByPath (http://localhost:38433/__cypress/runner/cypress_runner.js:149915:3)\n    at retry (http://localhost:38433/__cypress/runner/cypress_runner.js:144197:19)\n    at onFailFn (http://localhost:38433/__cypress/runner/cypress_runner.js:132448:16)\n    at tryCatcher (http://localhost:38433/__cypress/runner/cypress_runner.js:167415:23)\n    at Promise._settlePromiseFromHandler (http://localhost:38433/__cypress/runner/cypress_runner.js:165351:31)\n    at Promise._settlePromise (http://localhost:38433/__cypress/runner/cypress_runner.js:165408:18)\n    at Promise._settlePromise0 (http://localhost:38433/__cypress/runner/cypress_runner.js:165453:10)\n    at Promise._settlePromises (http://localhost:38433/__cypress/runner/cypress_runner.js:165528:18)\n    at Async../node_modules/bluebird/js/release/async.js.Async._drainQueue (http://localhost:38433/__cypress/runner/cypress_runner.js:162140:16)\n    at Async../node_modules/bluebird/js/release/async.js.Async._drainQueues (http://localhost:38433/__cypress/runner/cypress_runner.js:162150:10)\n    at Async.drainQueues (http://localhost:38433/__cypress/runner/cypress_runner.js:162024:14)",
                "diff": null
              },
              "uuid": "9c43948c-e3c8-4045-86ec-ce1e559a0228",
              "parentUUID": "63f73666-d85a-47b9-a296-1512b469dc77",
              "isHook": false,
              "skipped": false
            },
            {
              "title": "Verifica se ao clicar no botão, o quadro de pixels é totalmente preenchido de branco",
              "fullTitle": "9 - Crie um botão que, ao ser clicado, limpa o quadro preenchendo a cor de todos seus pixels com branco. Verifica se ao clicar no botão, o quadro de pixels é totalmente preenchido de branco",
              "timedOut": null,
              "duration": 4391,
              "state": "failed",
              "speed": null,
              "pass": false,
              "fail": true,
              "pending": false,
              "context": null,
              "code": "cy.get('.color').eq(1).then(function (color) {\n  var backgroundColor = color.css('background-color');\n  cy.wrap(color).click();\n  cy.get('.pixel').each(function (pixel) {\n    cy.wrap(pixel).click().should('have.css', 'background-color', backgroundColor);\n  });\n});\ncy.get('#clear-board').click();\ncy.get('.pixel').each(function (pixel) {\n  cy.wrap(pixel).should('have.css', 'background-color', WHITE);\n});",
              "err": {
                "message": "CypressError: Timed out retrying: cy.click() failed because this element is not visible:\n\n<div class=\"color\"></div>\n\nThis element '<div.color>' is not visible because it has an effective width and height of: '0 x 0' pixels.\n\nFix this problem, or use {force: true} to disable error checking.\n\nhttps://on.cypress.io/element-cannot-be-interacted-with",
                "estack": "CypressError: Timed out retrying: cy.click() failed because this element is not visible:\n\n<div class=\"color\"></div>\n\nThis element '<div.color>' is not visible because it has an effective width and height of: '0 x 0' pixels.\n\nFix this problem, or use {force: true} to disable error checking.\n\nhttps://on.cypress.io/element-cannot-be-interacted-with\n    at cypressErr (http://localhost:38433/__cypress/runner/cypress_runner.js:149934:9)\n    at throwErr (http://localhost:38433/__cypress/runner/cypress_runner.js:149867:11)\n    at Object.throwErrByPath (http://localhost:38433/__cypress/runner/cypress_runner.js:149915:3)\n    at Object.retry (http://localhost:38433/__cypress/runner/cypress_runner.js:144197:19)\n    at retryActionability (http://localhost:38433/__cypress/runner/cypress_runner.js:132052:19)\n    at tryCatcher (http://localhost:38433/__cypress/runner/cypress_runner.js:167415:23)\n    at Function.Promise.attempt.Promise.try (http://localhost:38433/__cypress/runner/cypress_runner.js:164690:29)\n    at tryFn (http://localhost:38433/__cypress/runner/cypress_runner.js:144661:21)\n    at whenStable (http://localhost:38433/__cypress/runner/cypress_runner.js:144696:12)\n    at http://localhost:38433/__cypress/runner/cypress_runner.js:144240:16\n    at tryCatcher (http://localhost:38433/__cypress/runner/cypress_runner.js:167415:23)\n    at Promise._settlePromiseFromHandler (http://localhost:38433/__cypress/runner/cypress_runner.js:165351:31)\n    at Promise._settlePromise (http://localhost:38433/__cypress/runner/cypress_runner.js:165408:18)\n    at Promise._settlePromise0 (http://localhost:38433/__cypress/runner/cypress_runner.js:165453:10)\n    at Promise._settlePromises (http://localhost:38433/__cypress/runner/cypress_runner.js:165532:18)\n    at Promise._fulfill (http://localhost:38433/__cypress/runner/cypress_runner.js:165477:18)",
                "diff": null
              },
              "uuid": "5df65556-74a5-41a2-aa50-acd805eab664",
              "parentUUID": "63f73666-d85a-47b9-a296-1512b469dc77",
              "isHook": false,
              "skipped": false
            }
          ],
          "suites": [],
          "passes": [],
          "failures": [
            "0247184e-7876-48cf-9e83-a7158a8d8d8c",
            "36b28d89-0096-417b-8222-a2b0bc78ed8d",
            "9c43948c-e3c8-4045-86ec-ce1e559a0228",
            "5df65556-74a5-41a2-aa50-acd805eab664"
          ],
          "pending": [],
          "skipped": [],
          "duration": 17326,
          "root": false,
          "rootEmpty": false,
          "_timeout": 2000
        },
        {
          "uuid": "5b921e3a-33ff-421d-9665-7352ea309322",
          "title": "10 - Faça o quadro de pixels ter seu tamanho definido pelo usuário.",
          "fullFile": "",
          "file": "",
          "beforeHooks": [],
          "afterHooks": [],
          "tests": [
            {
              "title": "Verifica se existe um input com o id `board-size`",
              "fullTitle": "10 - Faça o quadro de pixels ter seu tamanho definido pelo usuário. Verifica se existe um input com o id `board-size`",
              "timedOut": null,
              "duration": 4344,
              "state": "failed",
              "speed": null,
              "pass": false,
              "fail": true,
              "pending": false,
              "context": null,
              "code": "cy.get('#board-size').should('be.visible');",
              "err": {
                "message": "CypressError: Timed out retrying: Expected to find element: '#board-size', but never found it.",
                "estack": "CypressError: Timed out retrying: Expected to find element: '#board-size', but never found it.\n    at cypressErr (http://localhost:38433/__cypress/runner/cypress_runner.js:149934:9)\n    at throwErr (http://localhost:38433/__cypress/runner/cypress_runner.js:149867:11)\n    at Object.throwErrByPath (http://localhost:38433/__cypress/runner/cypress_runner.js:149915:3)\n    at retry (http://localhost:38433/__cypress/runner/cypress_runner.js:144197:19)\n    at onFailFn (http://localhost:38433/__cypress/runner/cypress_runner.js:132448:16)\n    at tryCatcher (http://localhost:38433/__cypress/runner/cypress_runner.js:167415:23)\n    at Promise._settlePromiseFromHandler (http://localhost:38433/__cypress/runner/cypress_runner.js:165351:31)\n    at Promise._settlePromise (http://localhost:38433/__cypress/runner/cypress_runner.js:165408:18)\n    at Promise._settlePromise0 (http://localhost:38433/__cypress/runner/cypress_runner.js:165453:10)\n    at Promise._settlePromises (http://localhost:38433/__cypress/runner/cypress_runner.js:165528:18)\n    at Async../node_modules/bluebird/js/release/async.js.Async._drainQueue (http://localhost:38433/__cypress/runner/cypress_runner.js:162140:16)\n    at Async../node_modules/bluebird/js/release/async.js.Async._drainQueues (http://localhost:38433/__cypress/runner/cypress_runner.js:162150:10)\n    at Async.drainQueues (http://localhost:38433/__cypress/runner/cypress_runner.js:162024:14)",
                "diff": null
              },
              "uuid": "12ae7126-d797-459e-b02b-d4d9be2f1864",
              "parentUUID": "5b921e3a-33ff-421d-9665-7352ea309322",
              "isHook": false,
              "skipped": false
            },
            {
              "title": "Verifica se existe um botão com o id `generate-board`",
              "fullTitle": "10 - Faça o quadro de pixels ter seu tamanho definido pelo usuário. Verifica se existe um botão com o id `generate-board`",
              "timedOut": null,
              "duration": 4303,
              "state": "failed",
              "speed": null,
              "pass": false,
              "fail": true,
              "pending": false,
              "context": null,
              "code": "cy.get('#generate-board').should('be.visible');",
              "err": {
                "message": "CypressError: Timed out retrying: Expected to find element: '#generate-board', but never found it.",
                "estack": "CypressError: Timed out retrying: Expected to find element: '#generate-board', but never found it.\n    at cypressErr (http://localhost:38433/__cypress/runner/cypress_runner.js:149934:9)\n    at throwErr (http://localhost:38433/__cypress/runner/cypress_runner.js:149867:11)\n    at Object.throwErrByPath (http://localhost:38433/__cypress/runner/cypress_runner.js:149915:3)\n    at retry (http://localhost:38433/__cypress/runner/cypress_runner.js:144197:19)\n    at onFailFn (http://localhost:38433/__cypress/runner/cypress_runner.js:132448:16)\n    at tryCatcher (http://localhost:38433/__cypress/runner/cypress_runner.js:167415:23)\n    at Promise._settlePromiseFromHandler (http://localhost:38433/__cypress/runner/cypress_runner.js:165351:31)\n    at Promise._settlePromise (http://localhost:38433/__cypress/runner/cypress_runner.js:165408:18)\n    at Promise._settlePromise0 (http://localhost:38433/__cypress/runner/cypress_runner.js:165453:10)\n    at Promise._settlePromises (http://localhost:38433/__cypress/runner/cypress_runner.js:165528:18)\n    at Async../node_modules/bluebird/js/release/async.js.Async._drainQueue (http://localhost:38433/__cypress/runner/cypress_runner.js:162140:16)\n    at Async../node_modules/bluebird/js/release/async.js.Async._drainQueues (http://localhost:38433/__cypress/runner/cypress_runner.js:162150:10)\n    at Async.drainQueues (http://localhost:38433/__cypress/runner/cypress_runner.js:162024:14)",
                "diff": null
              },
              "uuid": "0b90066e-49fa-44d4-b9dc-9d23fd8bbf22",
              "parentUUID": "5b921e3a-33ff-421d-9665-7352ea309322",
              "isHook": false,
              "skipped": false
            },
            {
              "title": "Verifica se o input só aceita número maiores que zero. Essa restrição deve ser feita usando os atributos do elemento `input`",
[...]
                "diff": null
              },
              "uuid": "38a0e2ee-69e1-43b8-a9c8-1f5cc968f315",
              "parentUUID": "5b921e3a-33ff-421d-9665-7352ea309322",
              "isHook": false,
              "skipped": false
            },
            {
              "title": "Verifica se o novo quadro tem todos os pixels preenchidos com a cor branca",
              "fullTitle": "10 - Faça o quadro de pixels ter seu tamanho definido pelo usuário. Verifica se o novo quadro tem todos os pixels preenchidos com a cor branca",
              "timedOut": null,
              "duration": 4313,
              "state": "failed",
              "speed": null,
              "pass": false,
              "fail": true,
              "pending": false,
              "context": null,
              "code": "cy.get('#board-size').clear().type(6);\ncy.get('#generate-board').click();\ncy.get('.pixel').should('have.length', 36).each(function (pixel) {\n  expect(pixel).to.have.css('background-color', WHITE);\n});",
              "err": {
                "message": "CypressError: Timed out retrying: Expected to find element: '#board-size', but never found it.",
                "estack": "CypressError: Timed out retrying: Expected to find element: '#board-size', but never found it.\n    at cypressErr (http://localhost:38433/__cypress/runner/cypress_runner.js:149934:9)\n    at throwErr (http://localhost:38433/__cypress/runner/cypress_runner.js:149867:11)\n    at Object.throwErrByPath (http://localhost:38433/__cypress/runner/cypress_runner.js:149915:3)\n    at retry (http://localhost:38433/__cypress/runner/cypress_runner.js:144197:19)\n    at onFailFn (http://localhost:38433/__cypress/runner/cypress_runner.js:132448:16)\n    at tryCatcher (http://localhost:38433/__cypress/runner/cypress_runner.js:167415:23)\n    at Promise._settlePromiseFromHandler (http://localhost:38433/__cypress/runner/cypress_runner.js:165351:31)\n    at Promise._settlePromise (http://localhost:38433/__cypress/runner/cypress_runner.js:165408:18)\n    at Promise._settlePromise0 (http://localhost:38433/__cypress/runner/cypress_runner.js:165453:10)\n    at Promise._settlePromises (http://localhost:38433/__cypress/runner/cypress_runner.js:165528:18)\n    at Async../node_modules/bluebird/js/release/async.js.Async._drainQueue (http://localhost:38433/__cypress/runner/cypress_runner.js:162140:16)\n    at Async../node_modules/bluebird/js/release/async.js.Async._drainQueues (http://localhost:38433/__cypress/runner/cypress_runner.js:162150:10)\n    at Async.drainQueues (http://localhost:38433/__cypress/runner/cypress_runner.js:162024:14)",
                "diff": null
              },
              "uuid": "69c69844-ab42-48f7-b603-c6f7bcf66048",
              "parentUUID": "5b921e3a-33ff-421d-9665-7352ea309322",
              "isHook": false,
              "skipped": false
            }
          ],
          "suites": [],
          "passes": [],
          "failures": [
            "12ae7126-d797-459e-b02b-d4d9be2f1864",
            "0b90066e-49fa-44d4-b9dc-9d23fd8bbf22",
            "7c0310f5-2bc7-4c26-92c3-23d150b286fb",
            "1fed5bf4-22b1-4a9d-8541-2307f1f38bff",
            "0ae24ec4-4d4d-468e-a2b8-4479dc8ff077",
            "fbb17c64-a25a-4036-bf66-29f72b8deef7",
            "db9394f7-bce6-40aa-8615-369dc392f7ef",
            "38a0e2ee-69e1-43b8-a9c8-1f5cc968f315",
            "69c69844-ab42-48f7-b603-c6f7bcf66048"
          ],
          "pending": [],
          "skipped": [],
          "duration": 38838,
          "root": false,
          "rootEmpty": false,
          "_timeout": 2000
        },
        {
          "uuid": "2fd62579-e795-45ab-80fd-a951f04cb5b3",
          "title": "11 - Limite o tamanho mínimo e máximo do board.",
          "fullFile": "",
          "file": "",
          "beforeHooks": [],
          "afterHooks": [],
          "tests": [
            {
              "title": "Verifica se a altura máxima do board é 50",
              "fullTitle": "11 - Limite o tamanho mínimo e máximo do board. Verifica se a altura máxima do board é 50",
              "timedOut": null,
              "duration": 4322,
              "state": "failed",
              "speed": null,
              "pass": false,
              "fail": true,
              "pending": false,
              "context": null,
              "code": "cy.get('#board-size').clear().type(50);\ncy.get('#generate-board').click();\ncy.get('.pixel').should('have.length', 2500);",
              "err": {
                "message": "CypressError: Timed out retrying: Expected to find element: '#board-size', but never found it.",
                "estack": "CypressError: Timed out retrying: Expected to find element: '#board-size', but never found it.\n    at cypressErr (http://localhost:38433/__cypress/runner/cypress_runner.js:149934:9)\n    at throwErr (http://localhost:38433/__cypress/runner/cypress_runner.js:149867:11)\n    at Object.throwErrByPath (http://localhost:38433/__cypress/runner/cypress_runner.js:149915:3)\n    at retry (http://localhost:38433/__cypress/runner/cypress_runner.js:144197:19)\n    at onFailFn (http://localhost:38433/__cypress/runner/cypress_runner.js:132448:16)\n    at tryCatcher (http://localhost:38433/__cypress/runner/cypress_runner.js:167415:23)\n    at Promise._settlePromiseFromHandler (http://localhost:38433/__cypress/runner/cypress_runner.js:165351:31)\n    at Promise._settlePromise (http://localhost:38433/__cypress/runner/cypress_runner.js:165408:18)\n    at Promise._settlePromise0 (http://localhost:38433/__cypress/runner/cypress_runner.js:165453:10)\n    at Promise._settlePromises (http://localhost:38433/__cypress/runner/cypress_runner.js:165528:18)\n    at Async../node_modules/bluebird/js/release/async.js.Async._drainQueue (http://localhost:38433/__cypress/runner/cypress_runner.js:162140:16)\n    at Async../node_modules/bluebird/js/release/async.js.Async._drainQueues (http://localhost:38433/__cypress/runner/cypress_runner.js:162150:10)\n    at Async.drainQueues (http://localhost:38433/__cypress/runner/cypress_runner.js:162024:14)",
                "diff": null
              },
              "uuid": "e118eda5-8818-40a7-bec6-94a4ad41beb8",
              "parentUUID": "2fd62579-e795-45ab-80fd-a951f04cb5b3",
              "isHook": false,
              "skipped": false
            },
            {
              "title": "Verifica se a altura do board é 5 quando um valor menor é colocado no input",
              "fullTitle": "11 - Limite o tamanho mínimo e máximo do board. Verifica se a altura do board é 5 quando um valor menor é colocado no input",
              "timedOut": null,
              "duration": 4281,
              "state": "failed",
              "speed": null,
              "pass": false,
              "fail": true,
              "pending": false,
              "context": null,
              "code": "cy.get('#board-size').clear().type(4);\ncy.get('#generate-board').click();\ncy.get('.pixel').should('have.length', 25);",
              "err": {
                "message": "CypressError: Timed out retrying: Expected to find element: '#board-size', but never found it.",
                "estack": "CypressError: Timed out retrying: Expected to find element: '#board-size', but never found it.\n    at cypressErr (http://localhost:38433/__cypress/runner/cypress_runner.js:149934:9)\n    at throwErr (http://localhost:38433/__cypress/runner/cypress_runner.js:149867:11)\n    at Object.throwErrByPath (http://localhost:38433/__cypress/runner/cypress_runner.js:149915:3)\n    at retry (http://localhost:38433/__cypress/runner/cypress_runner.js:144197:19)\n    at onFailFn (http://localhost:38433/__cypress/runner/cypress_runner.js:132448:16)\n    at tryCatcher (http://localhost:38433/__cypress/runner/cypress_runner.js:167415:23)\n    at Promise._settlePromiseFromHandler (http://localhost:38433/__cypress/runner/cypress_runner.js:165351:31)\n    at Promise._settlePromise (http://localhost:38433/__cypress/runner/cypress_runner.js:165408:18)\n    at Promise._settlePromise0 (http://localhost:38433/__cypress/runner/cypress_runner.js:165453:10)\n    at Promise._settlePromises (http://localhost:38433/__cypress/runner/cypress_runner.js:165528:18)\n    at Async../node_modules/bluebird/js/release/async.js.Async._drainQueue (http://localhost:38433/__cypress/runner/cypress_runner.js:162140:16)\n    at Async../node_modules/bluebird/js/release/async.js.Async._drainQueues (http://localhost:38433/__cypress/runner/cypress_runner.js:162150:10)\n    at Async.drainQueues (http://localhost:38433/__cypress/runner/cypress_runner.js:162024:14)",
                "diff": null
              },
              "uuid": "5877d796-b071-4de3-9bd2-0d0deb6284ed",
              "parentUUID": "2fd62579-e795-45ab-80fd-a951f04cb5b3",
              "isHook": false,
              "skipped": false
            },
            {
              "title": "Verifica se a altura do board é 50 quando um valor maior é colocado no input",
              "fullTitle": "11 - Limite o tamanho mínimo e máximo do board. Verifica se a altura do board é 50 quando um valor maior é colocado no input",
              "timedOut": null,
              "duration": 4310,
              "state": "failed",
              "speed": null,
              "pass": false,
              "fail": true,
              "pending": false,
              "context": null,
              "code": "cy.get('#board-size').clear().type(51);\ncy.get('#generate-board').click();\ncy.get('.pixel').should('have.length', 2500);",
              "err": {
                "message": "CypressError: Timed out retrying: Expected to find element: '#board-size', but never found it.",
                "estack": "CypressError: Timed out retrying: Expected to find element: '#board-size', but never found it.\n    at cypressErr (http://localhost:38433/__cypress/runner/cypress_runner.js:149934:9)\n    at throwErr (http://localhost:38433/__cypress/runner/cypress_runner.js:149867:11)\n    at Object.throwErrByPath (http://localhost:38433/__cypress/runner/cypress_runner.js:149915:3)\n    at retry (http://localhost:38433/__cypress/runner/cypress_runner.js:144197:19)\n    at onFailFn (http://localhost:38433/__cypress/runner/cypress_runner.js:132448:16)\n    at tryCatcher (http://localhost:38433/__cypress/runner/cypress_runner.js:167415:23)\n    at Promise._settlePromiseFromHandler (http://localhost:38433/__cypress/runner/cypress_runner.js:165351:31)\n    at Promise._settlePromise (http://localhost:38433/__cypress/runner/cypress_runner.js:165408:18)\n    at Promise._settlePromise0 (http://localhost:38433/__cypress/runner/cypress_runner.js:165453:10)\n    at Promise._settlePromises (http://localhost:38433/__cypress/runner/cypress_runner.js:165528:18)\n    at Async../node_modules/bluebird/js/release/async.js.Async._drainQueue (http://localhost:38433/__cypress/runner/cypress_runner.js:162140:16)\n    at Async../node_modules/bluebird/js/release/async.js.Async._drainQueues (http://localhost:38433/__cypress/runner/cypress_runner.js:162150:10)\n    at Async.drainQueues (http://localhost:38433/__cypress/runner/cypress_runner.js:162024:14)",
                "diff": null
              },
              "uuid": "e48c4501-6f56-4440-943f-78afba62717d",
              "parentUUID": "2fd62579-e795-45ab-80fd-a951f04cb5b3",
              "isHook": false,
              "skipped": false
            }
          ],
          "suites": [],
          "passes": [],
          "failures": [
            "e118eda5-8818-40a7-bec6-94a4ad41beb8",
            "5877d796-b071-4de3-9bd2-0d0deb6284ed",
            "e48c4501-6f56-4440-943f-78afba62717d"
          ],
          "pending": [],
          "skipped": [],
          "duration": 12913,
          "root": false,
          "rootEmpty": false,
          "_timeout": 2000
        },
        {
          "uuid": "dcb9e7bd-295a-4ac7-bc77-edb49a759931",
          "title": "12 - Faça com que as cores da paleta sejam geradas aleatoriamente ao carregar a página.",
          "fullFile": "",
          "file": "",
          "beforeHooks": [],
          "afterHooks": [],
          "tests": [
            {
              "title": "Verifica se as cores geradas na paleta são diferentes a cada carregamento da página",
              "fullTitle": "12 - Faça com que as cores da paleta sejam geradas aleatoriamente ao carregar a página. Verifica se as cores geradas na paleta são diferentes a cada carregamento da página",
              "timedOut": null,
              "duration": 488,
              "state": "failed",
              "speed": null,
              "pass": false,
              "fail": true,
              "pending": false,
              "context": null,
              "code": "cy.get('.color').then(function (colors) {\n  var currentColors;\n  var previousColors;\n  previousColors = Array.from(colors).map(function (color) {\n    return Cypress.$(color).css('background-color');\n  });\n  for (var i = 0; i < 5; i += 1) {\n    cy.reload();\n    cy.get('.color').then(function (colors) {\n      currentColors = Array.from(colors).map(function (color) {\n        return Cypress.$(color).css('background-color');\n      });\n      expect(currentColors).not.to.deep.equal(previousColors);\n      previousColors = currentColors;\n    });\n  }\n});",
              "err": {
                "message": "AssertionError: expected [ Array(4) ] to not deeply equal [ Array(4) ]",
                "estack": "AssertionError: expected [ Array(4) ] to not deeply equal [ Array(4) ]\n    at getRet (http://localhost:38433/__cypress/runner/cypress_runner.js:136585:16)\n    at tryCatcher (http://localhost:38433/__cypress/runner/cypress_runner.js:167415:23)\n    at Function.Promise.attempt.Promise.try (http://localhost:38433/__cypress/runner/cypress_runner.js:164690:29)\n    at Context.thenFn (http://localhost:38433/__cypress/runner/cypress_runner.js:136599:23)\n    at Context.then (http://localhost:38433/__cypress/runner/cypress_runner.js:136971:21)\n    at Context.<anonymous> (http://localhost:38433/__cypress/runner/cypress_runner.js:148875:21)\n    at http://localhost:38433/__cypress/runner/cypress_runner.js:148351:33\n    at tryCatcher (http://localhost:38433/__cypress/runner/cypress_runner.js:167415:23)\n    at Promise._settlePromiseFromHandler (http://localhost:38433/__cypress/runner/cypress_runner.js:165351:31)\n    at Promise._settlePromise (http://localhost:38433/__cypress/runner/cypress_runner.js:165408:18)\n    at Promise._settlePromiseCtx (http://localhost:38433/__cypress/runner/cypress_runner.js:165445:10)\n    at Async../node_modules/bluebird/js/release/async.js.Async._drainQueue (http://localhost:38433/__cypress/runner/cypress_runner.js:162145:12)\n    at Async../node_modules/bluebird/js/release/async.js.Async._drainQueues (http://localhost:38433/__cypress/runner/cypress_runner.js:162150:10)\n    at Async.drainQueues (http://localhost:38433/__cypress/runner/cypress_runner.js:162024:14)",
                "diff": ""
              },
              "uuid": "2bad8d6a-f0b2-4f3a-9bfd-c184120d4bbf",
              "parentUUID": "dcb9e7bd-295a-4ac7-bc77-edb49a759931",
              "isHook": false,
              "skipped": false
            },
            {
              "title": "Verifica se a cor preta ainda está presente e é a primeira na sua paleta de cores",
              "fullTitle": "12 - Faça com que as cores da paleta sejam geradas aleatoriamente ao carregar a página. Verifica se a cor preta ainda está presente e é a primeira na sua paleta de cores",
              "timedOut": null,
              "duration": 351,
              "state": "failed",
              "speed": null,
              "pass": false,
              "fail": true,
              "pending": false,
              "context": null,
              "code": "cy.get('.color').then(function (colors) {\n  var currentColors;\n  var previousColors;\n  previousColors = Array.from(colors).map(function (color) {\n    return Cypress.$(color).css('background-color');\n  });\n  expect(previousColors[0]).to.eq(BLACK);\n  for (var i = 0; i < 5; i += 1) {\n    cy.reload();\n    cy.get('.color').then(function (colors) {\n      currentColors = Array.from(colors).map(function (color) {\n        return Cypress.$(color).css('background-color');\n      });\n      expect(currentColors[0]).to.eq(BLACK);\n      expect(currentColors).not.to.deep.equal(previousColors);\n      previousColors = currentColors;\n    });\n  }\n});",
              "err": {
                "message": "AssertionError: expected 'rgba(0, 0, 0, 0)' to equal 'rgb(0, 0, 0)'",
                "estack": "AssertionError: expected 'rgba(0, 0, 0, 0)' to equal 'rgb(0, 0, 0)'\n    at getRet (http://localhost:38433/__cypress/runner/cypress_runner.js:136585:16)\n    at tryCatcher (http://localhost:38433/__cypress/runner/cypress_runner.js:167415:23)\n    at Function.Promise.attempt.Promise.try (http://localhost:38433/__cypress/runner/cypress_runner.js:164690:29)\n    at Context.thenFn (http://localhost:38433/__cypress/runner/cypress_runner.js:136599:23)\n    at Context.then (http://localhost:38433/__cypress/runner/cypress_runner.js:136971:21)\n    at Context.<anonymous> (http://localhost:38433/__cypress/runner/cypress_runner.js:148875:21)\n    at http://localhost:38433/__cypress/runner/cypress_runner.js:148351:33\n    at tryCatcher (http://localhost:38433/__cypress/runner/cypress_runner.js:167415:23)\n    at Promise._settlePromiseFromHandler (http://localhost:38433/__cypress/runner/cypress_runner.js:165351:31)\n    at Promise._settlePromise (http://localhost:38433/__cypress/runner/cypress_runner.js:165408:18)\n    at Promise._settlePromiseCtx (http://localhost:38433/__cypress/runner/cypress_runner.js:165445:10)\n    at Async../node_modules/bluebird/js/release/async.js.Async._drainQueue (http://localhost:38433/__cypress/runner/cypress_runner.js:162145:12)\n    at Async../node_modules/bluebird/js/release/async.js.Async._drainQueues (http://localhost:38433/__cypress/runner/cypress_runner.js:162150:10)\n    at Async.drainQueues (http://localhost:38433/__cypress/runner/cypress_runner.js:162024:14)",
                "diff": "- 'rgba(0, 0, 0, 0)'\n+ 'rgb(0, 0, 0)'\n"
              },
              "uuid": "521b3340-2bdd-4164-a4b5-7ae270dbcc81",
              "parentUUID": "dcb9e7bd-295a-4ac7-bc77-edb49a759931",
              "isHook": false,
              "skipped": false
            }
          ],
          "suites": [],
          "passes": [],
          "failures": [
            "2bad8d6a-f0b2-4f3a-9bfd-c184120d4bbf",
            "521b3340-2bdd-4164-a4b5-7ae270dbcc81"
          ],
          "pending": [],
          "skipped": [],
          "duration": 839,
          "root": false,
          "rootEmpty": false,
          "_timeout": 2000
        }
      ],
      "passes": [],
      "failures": [],
      "pending": [],
      "skipped": [],
      "duration": 0,
      "root": true,
      "rootEmpty": true,
      "_timeout": 2000
    }
  ],
  "meta": {
    "mocha": {
      "version": "7.0.1"
    },
    "mochawesome": {
      "options": {
        "quiet": false,
        "reportFilename": "mochawesome",
        "saveHtml": false,
        "saveJson": true,
        "consoleReporter": "spec",
        "useInlineDiffs": false
      },
      "version": "4.1.0"
    },
    "marge": {
      "options": {
        "id": "default",
        "reportDir": "cypress/reports",
        "overwrite": true,
        "html": false,
        "json": true
      },
      "version": "4.1.0"
    }
  }
}